#! /usr/bin/vvp
:ivl_version "10.1 (stable)";
:ivl_delay_selection "TYPICAL";
:vpi_time_precision + 0;
:vpi_module "system";
:vpi_module "vhdl_sys";
:vpi_module "v2005_math";
:vpi_module "va_math";
S_0x557a333e48b0 .scope module, "top" "top" 2 2;
 .timescale 0 0;
v0x557a33406550_0 .var "clk", 0 0;
v0x557a33406610_0 .var "data", 31 0;
v0x557a334066e0_0 .var "read_addr1", 4 0;
v0x557a334067e0_0 .var "read_addr2", 4 0;
v0x557a334068b0_0 .net "read_out1", 31 0, L_0x557a333e3090;  1 drivers
v0x557a33406950_0 .net "read_out2", 31 0, L_0x557a333e3100;  1 drivers
v0x557a33406a20_0 .var "reset", 0 0;
v0x557a33406af0_0 .var "write_addr", 4 0;
v0x557a33406bc0_0 .var "write_en", 0 0;
S_0x557a333e4a30 .scope module, "reg1" "reg_file" 2 8, 3 1 0, S_0x557a333e48b0;
 .timescale 0 0;
    .port_info 0 /INPUT 5 "read_addr1"
    .port_info 1 /INPUT 5 "read_addr2"
    .port_info 2 /INPUT 5 "write_addr"
    .port_info 3 /INPUT 32 "data"
    .port_info 4 /OUTPUT 32 "read_out1"
    .port_info 5 /OUTPUT 32 "read_out2"
    .port_info 6 /INPUT 1 "clk"
    .port_info 7 /INPUT 1 "reset"
    .port_info 8 /INPUT 1 "write_en"
L_0x557a333e3090 .functor BUFZ 32, L_0x557a33406c90, C4<00000000000000000000000000000000>, C4<00000000000000000000000000000000>, C4<00000000000000000000000000000000>;
L_0x557a333e3100 .functor BUFZ 32, L_0x557a33406f70, C4<00000000000000000000000000000000>, C4<00000000000000000000000000000000>, C4<00000000000000000000000000000000>;
v0x557a333e3300_0 .net *"_s0", 31 0, L_0x557a33406c90;  1 drivers
v0x557a333e33a0_0 .net *"_s10", 6 0, L_0x557a33407010;  1 drivers
L_0x7fbeae3f9060 .functor BUFT 1, C4<00>, C4<0>, C4<0>, C4<0>;
v0x557a334056a0_0 .net *"_s13", 1 0, L_0x7fbeae3f9060;  1 drivers
v0x557a33405760_0 .net *"_s2", 6 0, L_0x557a33406d90;  1 drivers
L_0x7fbeae3f9018 .functor BUFT 1, C4<00>, C4<0>, C4<0>, C4<0>;
v0x557a33405840_0 .net *"_s5", 1 0, L_0x7fbeae3f9018;  1 drivers
v0x557a33405970_0 .net *"_s8", 31 0, L_0x557a33406f70;  1 drivers
v0x557a33405a50_0 .net "clk", 0 0, v0x557a33406550_0;  1 drivers
v0x557a33405b10_0 .net "data", 31 0, v0x557a33406610_0;  1 drivers
o0x7fbeae442198 .functor BUFZ 1, C4<z>; HiZ drive
v0x557a33405bf0_0 .net "enable", 0 0, o0x7fbeae442198;  0 drivers
v0x557a33405cb0_0 .var/i "i", 31 0;
v0x557a33405d90_0 .net "read_addr1", 4 0, v0x557a334066e0_0;  1 drivers
v0x557a33405e70_0 .net "read_addr2", 4 0, v0x557a334067e0_0;  1 drivers
v0x557a33405f50_0 .net "read_out1", 31 0, L_0x557a333e3090;  alias, 1 drivers
v0x557a33406030_0 .net "read_out2", 31 0, L_0x557a333e3100;  alias, 1 drivers
v0x557a33406110 .array "register", 0 31, 31 0;
v0x557a334061d0_0 .net "reset", 0 0, v0x557a33406a20_0;  1 drivers
v0x557a33406290_0 .net "write_addr", 4 0, v0x557a33406af0_0;  1 drivers
v0x557a33406370_0 .net "write_en", 0 0, v0x557a33406bc0_0;  1 drivers
E_0x557a333d2e10 .event posedge, v0x557a33405a50_0;
L_0x557a33406c90 .array/port v0x557a33406110, L_0x557a33406d90;
L_0x557a33406d90 .concat [ 5 2 0 0], v0x557a334066e0_0, L_0x7fbeae3f9018;
L_0x557a33406f70 .array/port v0x557a33406110, L_0x557a33407010;
L_0x557a33407010 .concat [ 5 2 0 0], v0x557a334067e0_0, L_0x7fbeae3f9060;
    .scope S_0x557a333e4a30;
T_0 ;
    %pushi/vec4 0, 0, 32;
    %store/vec4 v0x557a33405cb0_0, 0, 32;
T_0.0 ;
    %load/vec4 v0x557a33405cb0_0;
    %cmpi/s 32, 0, 32;
    %jmp/0xz T_0.1, 5;
    %pushi/vec4 0, 0, 32;
    %ix/getv/s 4, v0x557a33405cb0_0;
    %store/vec4a v0x557a33406110, 4, 0;
    %load/vec4 v0x557a33405cb0_0;
    %addi 1, 0, 32;
    %store/vec4 v0x557a33405cb0_0, 0, 32;
    %jmp T_0.0;
T_0.1 ;
    %end;
    .thread T_0;
    .scope S_0x557a333e4a30;
T_1 ;
    %wait E_0x557a333d2e10;
    %load/vec4 v0x557a334061d0_0;
    %cmpi/e 1, 0, 1;
    %jmp/0xz  T_1.0, 4;
    %pushi/vec4 0, 0, 32;
    %store/vec4 v0x557a33405cb0_0, 0, 32;
T_1.2 ;
    %load/vec4 v0x557a33405cb0_0;
    %cmpi/s 32, 0, 32;
    %jmp/0xz T_1.3, 5;
    %pushi/vec4 0, 0, 32;
    %ix/getv/s 3, v0x557a33405cb0_0;
    %ix/load 4, 0, 0; Constant delay
    %assign/vec4/a/d v0x557a33406110, 0, 4;
    %load/vec4 v0x557a33405cb0_0;
    %addi 1, 0, 32;
    %store/vec4 v0x557a33405cb0_0, 0, 32;
    %jmp T_1.2;
T_1.3 ;
T_1.0 ;
    %load/vec4 v0x557a334061d0_0;
    %cmpi/e 0, 0, 1;
    %jmp/0xz  T_1.4, 4;
    %load/vec4 v0x557a33406370_0;
    %cmpi/e 1, 0, 1;
    %jmp/0xz  T_1.6, 4;
    %load/vec4 v0x557a33405b10_0;
    %load/vec4 v0x557a33406290_0;
    %pad/u 7;
    %ix/vec4 3;
    %ix/load 4, 0, 0; Constant delay
    %assign/vec4/a/d v0x557a33406110, 0, 4;
T_1.6 ;
T_1.4 ;
    %jmp T_1;
    .thread T_1;
    .scope S_0x557a333e48b0;
T_2 ;
    %delay 1, 0;
    %load/vec4 v0x557a33406550_0;
    %inv;
    %store/vec4 v0x557a33406550_0, 0, 1;
    %jmp T_2;
    .thread T_2;
    .scope S_0x557a333e48b0;
T_3 ;
    %pushi/vec4 0, 0, 1;
    %store/vec4 v0x557a33406550_0, 0, 1;
    %pushi/vec4 1, 0, 1;
    %store/vec4 v0x557a33406a20_0, 0, 1;
    %delay 1, 0;
    %pushi/vec4 0, 0, 1;
    %store/vec4 v0x557a33406a20_0, 0, 1;
    %pushi/vec4 101010, 0, 32;
    %store/vec4 v0x557a33406610_0, 0, 32;
    %pushi/vec4 15, 0, 5;
    %store/vec4 v0x557a33406af0_0, 0, 5;
    %pushi/vec4 15, 0, 5;
    %store/vec4 v0x557a334066e0_0, 0, 5;
    %pushi/vec4 28, 0, 5;
    %store/vec4 v0x557a334067e0_0, 0, 5;
    %pushi/vec4 0, 0, 1;
    %store/vec4 v0x557a33406bc0_0, 0, 1;
    %delay 2, 0;
    %pushi/vec4 1, 0, 1;
    %store/vec4 v0x557a33406bc0_0, 0, 1;
    %delay 2, 0;
    %pushi/vec4 28, 0, 5;
    %store/vec4 v0x557a33406af0_0, 0, 5;
    %pushi/vec4 5400, 0, 32;
    %store/vec4 v0x557a33406610_0, 0, 32;
    %delay 2, 0;
    %pushi/vec4 1, 0, 5;
    %store/vec4 v0x557a334066e0_0, 0, 5;
    %pushi/vec4 20, 0, 5;
    %store/vec4 v0x557a334067e0_0, 0, 5;
    %pushi/vec4 34567, 0, 32;
    %store/vec4 v0x557a33406610_0, 0, 32;
    %pushi/vec4 1, 0, 5;
    %store/vec4 v0x557a33406af0_0, 0, 5;
    %delay 2, 0;
    %pushi/vec4 1, 0, 1;
    %store/vec4 v0x557a33406bc0_0, 0, 1;
    %delay 2, 0;
    %pushi/vec4 20, 0, 5;
    %store/vec4 v0x557a33406af0_0, 0, 5;
    %pushi/vec4 265, 0, 32;
    %store/vec4 v0x557a33406610_0, 0, 32;
    %delay 1, 0;
    %vpi_call 2 24 "$finish" {0 0 0};
    %end;
    .thread T_3;
    .scope S_0x557a333e48b0;
T_4 ;
    %vpi_call 2 30 "$monitor", $time, "\012read_addr1 = %d\012read_addr2 = %d\012write_addr = %d\012data = %d\012read_out1 = %d\012read_out2 = %d\012clk,reset,write enable = %d,%d,%d\012", v0x557a334066e0_0, v0x557a334067e0_0, v0x557a33406af0_0, v0x557a33406610_0, v0x557a334068b0_0, v0x557a33406950_0, v0x557a33406550_0, v0x557a33406a20_0, v0x557a33406bc0_0 {0 0 0};
    %end;
    .thread T_4;
# The file index is used to find the file name in the following table.
:file_names 4;
    "N/A";
    "<interactive>";
    "reg_tb.v";
    "./register_file.v";
