#! /usr/bin/vvp
:ivl_version "10.1 (stable)";
:ivl_delay_selection "TYPICAL";
:vpi_time_precision + 0;
:vpi_module "system";
:vpi_module "vhdl_sys";
:vpi_module "v2005_math";
:vpi_module "va_math";
S_0x559311163110 .scope module, "top" "top" 2 2;
 .timescale 0 0;
v0x559311183e70_0 .var "clk", 0 0;
v0x559311183f30_0 .net "hit", 0 0, v0x559311182a40_0;  1 drivers
v0x559311183fd0_0 .var "read_addr", 16 0;
v0x559311184070_0 .net "read_data", 31 0, v0x559311182f70_0;  1 drivers
v0x559311184110_0 .var "read_en", 0 0;
v0x5593111841b0_0 .var "write_addr", 16 0;
v0x559311184280_0 .var "write_data", 31 0;
v0x559311184350_0 .var "write_en", 0 0;
S_0x559311163290 .scope module, "l1" "cache" 2 10, 3 1 0, S_0x559311163110;
 .timescale 0 0;
    .port_info 0 /INPUT 17 "read_addr"
    .port_info 1 /INPUT 17 "write_addr"
    .port_info 2 /INPUT 32 "write_data"
    .port_info 3 /INPUT 1 "clk"
    .port_info 4 /INPUT 1 "read_en"
    .port_info 5 /INPUT 1 "write_en"
    .port_info 6 /OUTPUT 1 "hit"
    .port_info 7 /OUTPUT 32 "read_data"
v0x559311161680 .array "cache", 16383 0, 31 0;
v0x559311161720 .array "cache_tag", 0 1023, 2 0;
v0x5593111634e0_0 .net "clk", 0 0, v0x559311183e70_0;  1 drivers
v0x559311182a40_0 .var "hit", 0 0;
v0x559311182b00_0 .var/i "i", 31 0;
v0x559311182c30_0 .var/i "j", 31 0;
v0x559311182d10 .array "main_memory", 131071 0, 31 0;
v0x559311182dd0_0 .var "match", 0 0;
v0x559311182e90_0 .net "read_addr", 16 0, v0x559311183fd0_0;  1 drivers
v0x559311182f70_0 .var "read_data", 31 0;
v0x559311183050_0 .net "read_en", 0 0, v0x559311184110_0;  1 drivers
v0x559311183110_0 .var "temp", 2 0;
v0x5593111831f0_0 .var "temp1", 12 0;
v0x5593111832d0 .array "valid", 0 1023, 0 0;
v0x559311183370_0 .var "w1", 0 0;
v0x559311183430_0 .net "w_blkoff_r", 3 0, L_0x5593111845e0;  1 drivers
v0x559311183510_0 .net "w_blkoff_w", 3 0, L_0x559311184850;  1 drivers
v0x5593111835f0_0 .net "w_line_r", 9 0, L_0x559311184540;  1 drivers
v0x5593111836d0_0 .net "w_line_w", 9 0, L_0x5593111847b0;  1 drivers
v0x5593111837b0_0 .net "w_tag_r", 2 0, L_0x559311184420;  1 drivers
v0x559311183890_0 .net "w_tag_w", 2 0, L_0x5593111846b0;  1 drivers
v0x559311183970_0 .net "write_addr", 16 0, v0x5593111841b0_0;  1 drivers
v0x559311183a50_0 .net "write_data", 31 0, v0x559311184280_0;  1 drivers
v0x559311183b30_0 .net "write_en", 0 0, v0x559311184350_0;  1 drivers
v0x559311183bf0_0 .var "x2", 0 0;
v0x559311183cb0_0 .var "x3", 0 0;
E_0x559311127d80 .event posedge, v0x5593111634e0_0;
L_0x559311184420 .part v0x559311183fd0_0, 14, 3;
L_0x559311184540 .part v0x559311183fd0_0, 4, 10;
L_0x5593111845e0 .part v0x559311183fd0_0, 0, 4;
L_0x5593111846b0 .part v0x5593111841b0_0, 14, 3;
L_0x5593111847b0 .part v0x5593111841b0_0, 4, 10;
L_0x559311184850 .part v0x5593111841b0_0, 0, 4;
    .scope S_0x559311163290;
T_0 ;
    %pushi/vec4 0, 0, 32;
    %store/vec4 v0x559311182b00_0, 0, 32;
T_0.0 ;
    %load/vec4 v0x559311182b00_0;
    %cmpi/s 1024, 0, 32;
    %jmp/0xz T_0.1, 5;
    %pushi/vec4 0, 0, 1;
    %ix/getv/s 4, v0x559311182b00_0;
    %store/vec4a v0x5593111832d0, 4, 0;
    %load/vec4 v0x559311182b00_0;
    %addi 1, 0, 32;
    %store/vec4 v0x559311182b00_0, 0, 32;
    %jmp T_0.0;
T_0.1 ;
    %end;
    .thread T_0;
    .scope S_0x559311163290;
T_1 ;
    %pushi/vec4 0, 0, 32;
    %store/vec4 v0x559311182b00_0, 0, 32;
T_1.0 ;
    %load/vec4 v0x559311182b00_0;
    %cmpi/s 8192, 0, 32;
    %jmp/0xz T_1.1, 5;
    %pushi/vec4 0, 0, 32;
    %store/vec4 v0x559311182c30_0, 0, 32;
T_1.2 ;
    %load/vec4 v0x559311182c30_0;
    %cmpi/s 16, 0, 32;
    %jmp/0xz T_1.3, 5;
    %load/vec4 v0x559311182b00_0;
    %load/vec4 v0x559311182c30_0;
    %add;
    %load/vec4 v0x559311182b00_0;
    %pad/s 37;
    %pad/s 41;
    %muli 16, 0, 41;
    %pad/s 42;
    %load/vec4 v0x559311182c30_0;
    %pad/s 42;
    %add;
    %ix/vec4/s 4;
    %store/vec4a v0x559311182d10, 4, 0;
    %load/vec4 v0x559311182c30_0;
    %addi 1, 0, 32;
    %store/vec4 v0x559311182c30_0, 0, 32;
    %jmp T_1.2;
T_1.3 ;
    %load/vec4 v0x559311182b00_0;
    %addi 1, 0, 32;
    %store/vec4 v0x559311182b00_0, 0, 32;
    %jmp T_1.0;
T_1.1 ;
    %end;
    .thread T_1;
    .scope S_0x559311163290;
T_2 ;
    %wait E_0x559311127d80;
    %load/vec4 v0x5593111835f0_0;
    %pad/u 12;
    %ix/vec4 4;
    %load/vec4a v0x5593111832d0, 4;
    %cmpi/e 1, 0, 1;
    %jmp/0xz  T_2.0, 4;
    %load/vec4 v0x5593111835f0_0;
    %pad/u 12;
    %ix/vec4 4;
    %load/vec4a v0x559311161720, 4;
    %store/vec4 v0x559311183110_0, 0, 3;
    %load/vec4 v0x5593111837b0_0;
    %parti/s 1, 2, 3;
    %load/vec4 v0x559311183110_0;
    %parti/s 1, 2, 3;
    %xor;
    %inv;
    %store/vec4 v0x559311183370_0, 0, 1;
    %load/vec4 v0x5593111837b0_0;
    %parti/s 1, 1, 2;
    %load/vec4 v0x559311183110_0;
    %parti/s 1, 1, 2;
    %xor;
    %inv;
    %store/vec4 v0x559311183bf0_0, 0, 1;
    %load/vec4 v0x5593111837b0_0;
    %parti/s 1, 0, 2;
    %load/vec4 v0x559311183110_0;
    %parti/s 1, 0, 2;
    %xor;
    %inv;
    %store/vec4 v0x559311183cb0_0, 0, 1;
    %load/vec4 v0x559311183370_0;
    %load/vec4 v0x559311183bf0_0;
    %and;
    %load/vec4 v0x559311183cb0_0;
    %and;
    %store/vec4 v0x559311182dd0_0, 0, 1;
    %load/vec4 v0x559311182dd0_0;
    %store/vec4 v0x559311182a40_0, 0, 1;
    %load/vec4 v0x559311182a40_0;
    %cmpi/e 1, 0, 1;
    %jmp/0xz  T_2.2, 4;
    %load/vec4 v0x559311183050_0;
    %cmpi/e 1, 0, 1;
    %jmp/0xz  T_2.4, 4;
    %load/vec4 v0x5593111835f0_0;
    %pad/u 17;
    %pad/u 21;
    %muli 16, 0, 21;
    %pad/u 22;
    %load/vec4 v0x559311183430_0;
    %pad/u 6;
    %pad/u 22;
    %add;
    %ix/vec4 4;
    %load/vec4a v0x559311161680, 4;
    %store/vec4 v0x559311182f70_0, 0, 32;
T_2.4 ;
    %jmp T_2.3;
T_2.2 ;
    %load/vec4 v0x5593111837b0_0;
    %ix/load 4, 10, 0;
    %flag_set/imm 4, 0;
    %store/vec4 v0x5593111831f0_0, 4, 3;
    %load/vec4 v0x5593111835f0_0;
    %ix/load 4, 0, 0;
    %flag_set/imm 4, 0;
    %store/vec4 v0x5593111831f0_0, 4, 10;
    %load/vec4 v0x5593111837b0_0;
    %load/vec4 v0x5593111835f0_0;
    %pad/u 12;
    %ix/vec4 4;
    %store/vec4a v0x559311161720, 4, 0;
    %load/vec4 v0x5593111831f0_0;
    %pad/u 20;
    %pad/u 24;
    %muli 16, 0, 24;
    %ix/vec4 4;
    %load/vec4a v0x559311182d10, 4;
    %load/vec4 v0x5593111835f0_0;
    %pad/u 17;
    %pad/u 21;
    %muli 16, 0, 21;
    %ix/vec4 4;
    %store/vec4a v0x559311161680, 4, 0;
    %load/vec4 v0x5593111831f0_0;
    %pad/u 20;
    %pad/u 24;
    %muli 16, 0, 24;
    %pad/u 25;
    %pushi/vec4 1, 0, 2;
    %pad/s 25;
    %add;
    %ix/vec4 4;
    %load/vec4a v0x559311182d10, 4;
    %load/vec4 v0x5593111835f0_0;
    %pad/u 17;
    %pad/u 21;
    %muli 16, 0, 21;
    %pad/u 22;
    %pushi/vec4 1, 0, 2;
    %pad/s 22;
    %add;
    %ix/vec4 4;
    %store/vec4a v0x559311161680, 4, 0;
    %load/vec4 v0x5593111831f0_0;
    %pad/u 20;
    %pad/u 24;
    %muli 16, 0, 24;
    %pad/u 25;
    %pushi/vec4 2, 0, 3;
    %pad/s 25;
    %add;
    %ix/vec4 4;
    %load/vec4a v0x559311182d10, 4;
    %load/vec4 v0x5593111835f0_0;
    %pad/u 17;
    %pad/u 21;
    %muli 16, 0, 21;
    %pad/u 22;
    %pushi/vec4 2, 0, 3;
    %pad/s 22;
    %add;
    %ix/vec4 4;
    %store/vec4a v0x559311161680, 4, 0;
    %load/vec4 v0x5593111831f0_0;
    %pad/u 20;
    %pad/u 24;
    %muli 16, 0, 24;
    %pad/u 25;
    %pushi/vec4 3, 0, 3;
    %pad/s 25;
    %add;
    %ix/vec4 4;
    %load/vec4a v0x559311182d10, 4;
    %load/vec4 v0x5593111835f0_0;
    %pad/u 17;
    %pad/u 21;
    %muli 16, 0, 21;
    %pad/u 22;
    %pushi/vec4 3, 0, 3;
    %pad/s 22;
    %add;
    %ix/vec4 4;
    %store/vec4a v0x559311161680, 4, 0;
    %load/vec4 v0x5593111831f0_0;
    %pad/u 20;
    %pad/u 24;
    %muli 16, 0, 24;
    %pad/u 25;
    %pushi/vec4 4, 0, 4;
    %pad/s 25;
    %add;
    %ix/vec4 4;
    %load/vec4a v0x559311182d10, 4;
    %load/vec4 v0x5593111835f0_0;
    %pad/u 17;
    %pad/u 21;
    %muli 16, 0, 21;
    %pad/u 22;
    %pushi/vec4 4, 0, 4;
    %pad/s 22;
    %add;
    %ix/vec4 4;
    %store/vec4a v0x559311161680, 4, 0;
    %load/vec4 v0x5593111831f0_0;
    %pad/u 20;
    %pad/u 24;
    %muli 16, 0, 24;
    %pad/u 25;
    %pushi/vec4 5, 0, 4;
    %pad/s 25;
    %add;
    %ix/vec4 4;
    %load/vec4a v0x559311182d10, 4;
    %load/vec4 v0x5593111835f0_0;
    %pad/u 17;
    %pad/u 21;
    %muli 16, 0, 21;
    %pad/u 22;
    %pushi/vec4 5, 0, 4;
    %pad/s 22;
    %add;
    %ix/vec4 4;
    %store/vec4a v0x559311161680, 4, 0;
    %load/vec4 v0x5593111831f0_0;
    %pad/u 20;
    %pad/u 24;
    %muli 16, 0, 24;
    %pad/u 25;
    %pushi/vec4 6, 0, 4;
    %pad/s 25;
    %add;
    %ix/vec4 4;
    %load/vec4a v0x559311182d10, 4;
    %load/vec4 v0x5593111835f0_0;
    %pad/u 17;
    %pad/u 21;
    %muli 16, 0, 21;
    %pad/u 22;
    %pushi/vec4 6, 0, 4;
    %pad/s 22;
    %add;
    %ix/vec4 4;
    %store/vec4a v0x559311161680, 4, 0;
    %load/vec4 v0x5593111831f0_0;
    %pad/u 20;
    %pad/u 24;
    %muli 16, 0, 24;
    %pad/u 25;
    %pushi/vec4 7, 0, 4;
    %pad/s 25;
    %add;
    %ix/vec4 4;
    %load/vec4a v0x559311182d10, 4;
    %load/vec4 v0x5593111835f0_0;
    %pad/u 17;
    %pad/u 21;
    %muli 16, 0, 21;
    %pad/u 22;
    %pushi/vec4 7, 0, 4;
    %pad/s 22;
    %add;
    %ix/vec4 4;
    %store/vec4a v0x559311161680, 4, 0;
    %load/vec4 v0x5593111831f0_0;
    %pad/u 20;
    %pad/u 24;
    %muli 16, 0, 24;
    %pad/u 25;
    %pushi/vec4 8, 0, 5;
    %pad/s 25;
    %add;
    %ix/vec4 4;
    %load/vec4a v0x559311182d10, 4;
    %load/vec4 v0x5593111835f0_0;
    %pad/u 17;
    %pad/u 21;
    %muli 16, 0, 21;
    %pad/u 22;
    %pushi/vec4 8, 0, 5;
    %pad/s 22;
    %add;
    %ix/vec4 4;
    %store/vec4a v0x559311161680, 4, 0;
    %load/vec4 v0x5593111831f0_0;
    %pad/u 20;
    %pad/u 24;
    %muli 16, 0, 24;
    %pad/u 25;
    %pushi/vec4 9, 0, 5;
    %pad/s 25;
    %add;
    %ix/vec4 4;
    %load/vec4a v0x559311182d10, 4;
    %load/vec4 v0x5593111835f0_0;
    %pad/u 17;
    %pad/u 21;
    %muli 16, 0, 21;
    %pad/u 22;
    %pushi/vec4 9, 0, 5;
    %pad/s 22;
    %add;
    %ix/vec4 4;
    %store/vec4a v0x559311161680, 4, 0;
    %load/vec4 v0x5593111831f0_0;
    %pad/u 20;
    %pad/u 24;
    %muli 16, 0, 24;
    %pad/u 25;
    %pushi/vec4 10, 0, 5;
    %pad/s 25;
    %add;
    %ix/vec4 4;
    %load/vec4a v0x559311182d10, 4;
    %load/vec4 v0x5593111835f0_0;
    %pad/u 17;
    %pad/u 21;
    %muli 16, 0, 21;
    %pad/u 22;
    %pushi/vec4 10, 0, 5;
    %pad/s 22;
    %add;
    %ix/vec4 4;
    %store/vec4a v0x559311161680, 4, 0;
    %load/vec4 v0x5593111831f0_0;
    %pad/u 20;
    %pad/u 24;
    %muli 16, 0, 24;
    %pad/u 25;
    %pushi/vec4 11, 0, 5;
    %pad/s 25;
    %add;
    %ix/vec4 4;
    %load/vec4a v0x559311182d10, 4;
    %load/vec4 v0x5593111835f0_0;
    %pad/u 17;
    %pad/u 21;
    %muli 16, 0, 21;
    %pad/u 22;
    %pushi/vec4 11, 0, 5;
    %pad/s 22;
    %add;
    %ix/vec4 4;
    %store/vec4a v0x559311161680, 4, 0;
    %load/vec4 v0x5593111831f0_0;
    %pad/u 20;
    %pad/u 24;
    %muli 16, 0, 24;
    %pad/u 25;
    %pushi/vec4 12, 0, 5;
    %pad/s 25;
    %add;
    %ix/vec4 4;
    %load/vec4a v0x559311182d10, 4;
    %load/vec4 v0x5593111835f0_0;
    %pad/u 17;
    %pad/u 21;
    %muli 16, 0, 21;
    %pad/u 22;
    %pushi/vec4 12, 0, 5;
    %pad/s 22;
    %add;
    %ix/vec4 4;
    %store/vec4a v0x559311161680, 4, 0;
    %load/vec4 v0x5593111831f0_0;
    %pad/u 20;
    %pad/u 24;
    %muli 16, 0, 24;
    %pad/u 25;
    %pushi/vec4 13, 0, 5;
    %pad/s 25;
    %add;
    %ix/vec4 4;
    %load/vec4a v0x559311182d10, 4;
    %load/vec4 v0x5593111835f0_0;
    %pad/u 17;
    %pad/u 21;
    %muli 16, 0, 21;
    %pad/u 22;
    %pushi/vec4 13, 0, 5;
    %pad/s 22;
    %add;
    %ix/vec4 4;
    %store/vec4a v0x559311161680, 4, 0;
    %load/vec4 v0x5593111831f0_0;
    %pad/u 20;
    %pad/u 24;
    %muli 16, 0, 24;
    %pad/u 25;
    %pushi/vec4 14, 0, 5;
    %pad/s 25;
    %add;
    %ix/vec4 4;
    %load/vec4a v0x559311182d10, 4;
    %load/vec4 v0x5593111835f0_0;
    %pad/u 17;
    %pad/u 21;
    %muli 16, 0, 21;
    %pad/u 22;
    %pushi/vec4 14, 0, 5;
    %pad/s 22;
    %add;
    %ix/vec4 4;
    %store/vec4a v0x559311161680, 4, 0;
    %load/vec4 v0x5593111831f0_0;
    %pad/u 20;
    %pad/u 24;
    %muli 16, 0, 24;
    %pad/u 25;
    %pushi/vec4 15, 0, 5;
    %pad/s 25;
    %add;
    %ix/vec4 4;
    %load/vec4a v0x559311182d10, 4;
    %load/vec4 v0x5593111835f0_0;
    %pad/u 17;
    %pad/u 21;
    %muli 16, 0, 21;
    %pad/u 22;
    %pushi/vec4 15, 0, 5;
    %pad/s 22;
    %add;
    %ix/vec4 4;
    %store/vec4a v0x559311161680, 4, 0;
    %load/vec4 v0x559311183050_0;
    %cmpi/e 1, 0, 1;
    %jmp/0xz  T_2.6, 4;
    %load/vec4 v0x5593111835f0_0;
    %pad/u 17;
    %pad/u 21;
    %muli 16, 0, 21;
    %pad/u 22;
    %load/vec4 v0x559311183430_0;
    %pad/u 6;
    %pad/u 22;
    %add;
    %ix/vec4 4;
    %load/vec4a v0x559311161680, 4;
    %store/vec4 v0x559311182f70_0, 0, 32;
T_2.6 ;
T_2.3 ;
    %jmp T_2.1;
T_2.0 ;
    %load/vec4 v0x5593111837b0_0;
    %ix/load 4, 10, 0;
    %flag_set/imm 4, 0;
    %store/vec4 v0x5593111831f0_0, 4, 3;
    %load/vec4 v0x5593111835f0_0;
    %ix/load 4, 0, 0;
    %flag_set/imm 4, 0;
    %store/vec4 v0x5593111831f0_0, 4, 10;
    %load/vec4 v0x5593111837b0_0;
    %load/vec4 v0x5593111835f0_0;
    %pad/u 12;
    %ix/vec4 4;
    %store/vec4a v0x559311161720, 4, 0;
    %load/vec4 v0x5593111831f0_0;
    %pad/u 20;
    %pad/u 24;
    %muli 16, 0, 24;
    %ix/vec4 4;
    %load/vec4a v0x559311182d10, 4;
    %load/vec4 v0x5593111835f0_0;
    %pad/u 17;
    %pad/u 21;
    %muli 16, 0, 21;
    %ix/vec4 4;
    %store/vec4a v0x559311161680, 4, 0;
    %load/vec4 v0x5593111831f0_0;
    %pad/u 20;
    %pad/u 24;
    %muli 16, 0, 24;
    %pad/u 25;
    %pushi/vec4 1, 0, 2;
    %pad/s 25;
    %add;
    %ix/vec4 4;
    %load/vec4a v0x559311182d10, 4;
    %load/vec4 v0x5593111835f0_0;
    %pad/u 17;
    %pad/u 21;
    %muli 16, 0, 21;
    %pad/u 22;
    %pushi/vec4 1, 0, 2;
    %pad/s 22;
    %add;
    %ix/vec4 4;
    %store/vec4a v0x559311161680, 4, 0;
    %load/vec4 v0x5593111831f0_0;
    %pad/u 20;
    %pad/u 24;
    %muli 16, 0, 24;
    %pad/u 25;
    %pushi/vec4 2, 0, 3;
    %pad/s 25;
    %add;
    %ix/vec4 4;
    %load/vec4a v0x559311182d10, 4;
    %load/vec4 v0x5593111835f0_0;
    %pad/u 17;
    %pad/u 21;
    %muli 16, 0, 21;
    %pad/u 22;
    %pushi/vec4 2, 0, 3;
    %pad/s 22;
    %add;
    %ix/vec4 4;
    %store/vec4a v0x559311161680, 4, 0;
    %load/vec4 v0x5593111831f0_0;
    %pad/u 20;
    %pad/u 24;
    %muli 16, 0, 24;
    %pad/u 25;
    %pushi/vec4 3, 0, 3;
    %pad/s 25;
    %add;
    %ix/vec4 4;
    %load/vec4a v0x559311182d10, 4;
    %load/vec4 v0x5593111835f0_0;
    %pad/u 17;
    %pad/u 21;
    %muli 16, 0, 21;
    %pad/u 22;
    %pushi/vec4 3, 0, 3;
    %pad/s 22;
    %add;
    %ix/vec4 4;
    %store/vec4a v0x559311161680, 4, 0;
    %load/vec4 v0x5593111831f0_0;
    %pad/u 20;
    %pad/u 24;
    %muli 16, 0, 24;
    %pad/u 25;
    %pushi/vec4 4, 0, 4;
    %pad/s 25;
    %add;
    %ix/vec4 4;
    %load/vec4a v0x559311182d10, 4;
    %load/vec4 v0x5593111835f0_0;
    %pad/u 17;
    %pad/u 21;
    %muli 16, 0, 21;
    %pad/u 22;
    %pushi/vec4 4, 0, 4;
    %pad/s 22;
    %add;
    %ix/vec4 4;
    %store/vec4a v0x559311161680, 4, 0;
    %load/vec4 v0x5593111831f0_0;
    %pad/u 20;
    %pad/u 24;
    %muli 16, 0, 24;
    %pad/u 25;
    %pushi/vec4 5, 0, 4;
    %pad/s 25;
    %add;
    %ix/vec4 4;
    %load/vec4a v0x559311182d10, 4;
    %load/vec4 v0x5593111835f0_0;
    %pad/u 17;
    %pad/u 21;
    %muli 16, 0, 21;
    %pad/u 22;
    %pushi/vec4 5, 0, 4;
    %pad/s 22;
    %add;
    %ix/vec4 4;
    %store/vec4a v0x559311161680, 4, 0;
    %load/vec4 v0x5593111831f0_0;
    %pad/u 20;
    %pad/u 24;
    %muli 16, 0, 24;
    %pad/u 25;
    %pushi/vec4 6, 0, 4;
    %pad/s 25;
    %add;
    %ix/vec4 4;
    %load/vec4a v0x559311182d10, 4;
    %load/vec4 v0x5593111835f0_0;
    %pad/u 17;
    %pad/u 21;
    %muli 16, 0, 21;
    %pad/u 22;
    %pushi/vec4 6, 0, 4;
    %pad/s 22;
    %add;
    %ix/vec4 4;
    %store/vec4a v0x559311161680, 4, 0;
    %load/vec4 v0x5593111831f0_0;
    %pad/u 20;
    %pad/u 24;
    %muli 16, 0, 24;
    %pad/u 25;
    %pushi/vec4 7, 0, 4;
    %pad/s 25;
    %add;
    %ix/vec4 4;
    %load/vec4a v0x559311182d10, 4;
    %load/vec4 v0x5593111835f0_0;
    %pad/u 17;
    %pad/u 21;
    %muli 16, 0, 21;
    %pad/u 22;
    %pushi/vec4 7, 0, 4;
    %pad/s 22;
    %add;
    %ix/vec4 4;
    %store/vec4a v0x559311161680, 4, 0;
    %load/vec4 v0x5593111831f0_0;
    %pad/u 20;
    %pad/u 24;
    %muli 16, 0, 24;
    %pad/u 25;
    %pushi/vec4 8, 0, 5;
    %pad/s 25;
    %add;
    %ix/vec4 4;
    %load/vec4a v0x559311182d10, 4;
    %load/vec4 v0x5593111835f0_0;
    %pad/u 17;
    %pad/u 21;
    %muli 16, 0, 21;
    %pad/u 22;
    %pushi/vec4 8, 0, 5;
    %pad/s 22;
    %add;
    %ix/vec4 4;
    %store/vec4a v0x559311161680, 4, 0;
    %load/vec4 v0x5593111831f0_0;
    %pad/u 20;
    %pad/u 24;
    %muli 16, 0, 24;
    %pad/u 25;
    %pushi/vec4 9, 0, 5;
    %pad/s 25;
    %add;
    %ix/vec4 4;
    %load/vec4a v0x559311182d10, 4;
    %load/vec4 v0x5593111835f0_0;
    %pad/u 17;
    %pad/u 21;
    %muli 16, 0, 21;
    %pad/u 22;
    %pushi/vec4 9, 0, 5;
    %pad/s 22;
    %add;
    %ix/vec4 4;
    %store/vec4a v0x559311161680, 4, 0;
    %load/vec4 v0x5593111831f0_0;
    %pad/u 20;
    %pad/u 24;
    %muli 16, 0, 24;
    %pad/u 25;
    %pushi/vec4 10, 0, 5;
    %pad/s 25;
    %add;
    %ix/vec4 4;
    %load/vec4a v0x559311182d10, 4;
    %load/vec4 v0x5593111835f0_0;
    %pad/u 17;
    %pad/u 21;
    %muli 16, 0, 21;
    %pad/u 22;
    %pushi/vec4 10, 0, 5;
    %pad/s 22;
    %add;
    %ix/vec4 4;
    %store/vec4a v0x559311161680, 4, 0;
    %load/vec4 v0x5593111831f0_0;
    %pad/u 20;
    %pad/u 24;
    %muli 16, 0, 24;
    %pad/u 25;
    %pushi/vec4 11, 0, 5;
    %pad/s 25;
    %add;
    %ix/vec4 4;
    %load/vec4a v0x559311182d10, 4;
    %load/vec4 v0x5593111835f0_0;
    %pad/u 17;
    %pad/u 21;
    %muli 16, 0, 21;
    %pad/u 22;
    %pushi/vec4 11, 0, 5;
    %pad/s 22;
    %add;
    %ix/vec4 4;
    %store/vec4a v0x559311161680, 4, 0;
    %load/vec4 v0x5593111831f0_0;
    %pad/u 20;
    %pad/u 24;
    %muli 16, 0, 24;
    %pad/u 25;
    %pushi/vec4 12, 0, 5;
    %pad/s 25;
    %add;
    %ix/vec4 4;
    %load/vec4a v0x559311182d10, 4;
    %load/vec4 v0x5593111835f0_0;
    %pad/u 17;
    %pad/u 21;
    %muli 16, 0, 21;
    %pad/u 22;
    %pushi/vec4 12, 0, 5;
    %pad/s 22;
    %add;
    %ix/vec4 4;
    %store/vec4a v0x559311161680, 4, 0;
    %load/vec4 v0x5593111831f0_0;
    %pad/u 20;
    %pad/u 24;
    %muli 16, 0, 24;
    %pad/u 25;
    %pushi/vec4 13, 0, 5;
    %pad/s 25;
    %add;
    %ix/vec4 4;
    %load/vec4a v0x559311182d10, 4;
    %load/vec4 v0x5593111835f0_0;
    %pad/u 17;
    %pad/u 21;
    %muli 16, 0, 21;
    %pad/u 22;
    %pushi/vec4 13, 0, 5;
    %pad/s 22;
    %add;
    %ix/vec4 4;
    %store/vec4a v0x559311161680, 4, 0;
    %load/vec4 v0x5593111831f0_0;
    %pad/u 20;
    %pad/u 24;
    %muli 16, 0, 24;
    %pad/u 25;
    %pushi/vec4 14, 0, 5;
    %pad/s 25;
    %add;
    %ix/vec4 4;
    %load/vec4a v0x559311182d10, 4;
    %load/vec4 v0x5593111835f0_0;
    %pad/u 17;
    %pad/u 21;
    %muli 16, 0, 21;
    %pad/u 22;
    %pushi/vec4 14, 0, 5;
    %pad/s 22;
    %add;
    %ix/vec4 4;
    %store/vec4a v0x559311161680, 4, 0;
    %load/vec4 v0x5593111831f0_0;
    %pad/u 20;
    %pad/u 24;
    %muli 16, 0, 24;
    %pad/u 25;
    %pushi/vec4 15, 0, 5;
    %pad/s 25;
    %add;
    %ix/vec4 4;
    %load/vec4a v0x559311182d10, 4;
    %load/vec4 v0x5593111835f0_0;
    %pad/u 17;
    %pad/u 21;
    %muli 16, 0, 21;
    %pad/u 22;
    %pushi/vec4 15, 0, 5;
    %pad/s 22;
    %add;
    %ix/vec4 4;
    %store/vec4a v0x559311161680, 4, 0;
    %pushi/vec4 1, 0, 1;
    %load/vec4 v0x5593111835f0_0;
    %pad/u 12;
    %ix/vec4 4;
    %store/vec4a v0x5593111832d0, 4, 0;
    %load/vec4 v0x559311183050_0;
    %cmpi/e 1, 0, 1;
    %jmp/0xz  T_2.8, 4;
    %load/vec4 v0x5593111835f0_0;
    %pad/u 17;
    %pad/u 21;
    %muli 16, 0, 21;
    %pad/u 22;
    %load/vec4 v0x559311183430_0;
    %pad/u 6;
    %pad/u 22;
    %add;
    %ix/vec4 4;
    %load/vec4a v0x559311161680, 4;
    %store/vec4 v0x559311182f70_0, 0, 32;
T_2.8 ;
T_2.1 ;
    %load/vec4 v0x559311183b30_0;
    %cmpi/e 1, 0, 1;
    %jmp/0xz  T_2.10, 4;
    %load/vec4 v0x559311183a50_0;
    %load/vec4 v0x5593111836d0_0;
    %pad/u 17;
    %pad/u 21;
    %muli 16, 0, 21;
    %pad/u 22;
    %load/vec4 v0x559311183510_0;
    %pad/u 6;
    %pad/u 22;
    %add;
    %ix/vec4 4;
    %store/vec4a v0x559311161680, 4, 0;
    %pushi/vec4 1, 0, 1;
    %load/vec4 v0x5593111836d0_0;
    %pad/u 12;
    %ix/vec4 4;
    %store/vec4a v0x5593111832d0, 4, 0;
    %load/vec4 v0x559311183890_0;
    %ix/load 4, 10, 0;
    %flag_set/imm 4, 0;
    %store/vec4 v0x5593111831f0_0, 4, 3;
    %load/vec4 v0x5593111836d0_0;
    %ix/load 4, 0, 0;
    %flag_set/imm 4, 0;
    %store/vec4 v0x5593111831f0_0, 4, 10;
    %load/vec4 v0x559311183890_0;
    %load/vec4 v0x5593111836d0_0;
    %pad/u 12;
    %ix/vec4 4;
    %store/vec4a v0x559311161720, 4, 0;
    %load/vec4 v0x559311183a50_0;
    %load/vec4 v0x5593111831f0_0;
    %pad/u 20;
    %pad/u 24;
    %muli 16, 0, 24;
    %pad/u 25;
    %load/vec4 v0x559311183510_0;
    %pad/u 6;
    %pad/u 25;
    %add;
    %ix/vec4 4;
    %store/vec4a v0x559311182d10, 4, 0;
T_2.10 ;
    %jmp T_2;
    .thread T_2;
    .scope S_0x559311163110;
T_3 ;
    %pushi/vec4 0, 0, 1;
    %store/vec4 v0x559311183e70_0, 0, 1;
T_3.0 ;
    %delay 5, 0;
    %load/vec4 v0x559311183e70_0;
    %inv;
    %store/vec4 v0x559311183e70_0, 0, 1;
    %jmp T_3.0;
    %end;
    .thread T_3;
    .scope S_0x559311163110;
T_4 ;
    %pushi/vec4 1, 0, 1;
    %store/vec4 v0x559311184110_0, 0, 1;
    %pushi/vec4 0, 0, 1;
    %store/vec4 v0x559311184350_0, 0, 1;
    %pushi/vec4 1, 0, 17;
    %store/vec4 v0x559311183fd0_0, 0, 17;
    %delay 10, 0;
    %pushi/vec4 1, 0, 1;
    %store/vec4 v0x559311184110_0, 0, 1;
    %pushi/vec4 1, 0, 1;
    %store/vec4 v0x559311184350_0, 0, 1;
    %pushi/vec4 3, 0, 17;
    %store/vec4 v0x559311183fd0_0, 0, 17;
    %pushi/vec4 3, 0, 17;
    %store/vec4 v0x5593111841b0_0, 0, 17;
    %pushi/vec4 63, 0, 32;
    %store/vec4 v0x559311184280_0, 0, 32;
    %delay 10, 0;
    %pushi/vec4 1, 0, 1;
    %store/vec4 v0x559311184110_0, 0, 1;
    %pushi/vec4 1, 0, 1;
    %store/vec4 v0x559311184350_0, 0, 1;
    %pushi/vec4 3, 0, 17;
    %store/vec4 v0x559311183fd0_0, 0, 17;
    %pushi/vec4 51, 0, 17;
    %store/vec4 v0x5593111841b0_0, 0, 17;
    %pushi/vec4 15420, 0, 32;
    %store/vec4 v0x559311184280_0, 0, 32;
    %delay 10, 0;
    %pushi/vec4 1, 0, 1;
    %store/vec4 v0x559311184110_0, 0, 1;
    %pushi/vec4 1, 0, 1;
    %store/vec4 v0x559311184350_0, 0, 1;
    %pushi/vec4 51, 0, 17;
    %store/vec4 v0x559311183fd0_0, 0, 17;
    %pushi/vec4 114739, 0, 17;
    %store/vec4 v0x5593111841b0_0, 0, 17;
    %pushi/vec4 33438780, 0, 32;
    %store/vec4 v0x559311184280_0, 0, 32;
    %delay 10, 0;
    %pushi/vec4 1, 0, 1;
    %store/vec4 v0x559311184110_0, 0, 1;
    %pushi/vec4 0, 0, 1;
    %store/vec4 v0x559311184350_0, 0, 1;
    %pushi/vec4 114739, 0, 17;
    %store/vec4 v0x559311183fd0_0, 0, 17;
    %delay 10, 0;
    %end;
    .thread T_4;
    .scope S_0x559311163110;
T_5 ;
    %vpi_call 2 48 "$monitor", $time, "\012read_addr =%d\012read_en=%d\012write_addr=%d\012write_en=%d\012write_data=%d\012clk=%d\012hit=%d\012read_val=%d\012", v0x559311183fd0_0, v0x559311184110_0, v0x5593111841b0_0, v0x559311184350_0, v0x559311184280_0, v0x559311183e70_0, v0x559311183f30_0, v0x559311184070_0 {0 0 0};
    %end;
    .thread T_5;
    .scope S_0x559311163110;
T_6 ;
    %delay 50, 0;
    %vpi_call 2 50 "$stop" {0 0 0};
    %end;
    .thread T_6;
# The file index is used to find the file name in the following table.
:file_names 4;
    "N/A";
    "<interactive>";
    "direct_map_tb.v";
    "./direct_map.v";
