#! /usr/bin/vvp
:ivl_version "10.1 (stable)";
:ivl_delay_selection "TYPICAL";
:vpi_time_precision + 0;
:vpi_module "system";
:vpi_module "vhdl_sys";
:vpi_module "v2005_math";
:vpi_module "va_math";
S_0x558d039b1bf0 .scope module, "top" "top" 2 2;
 .timescale 0 0;
v0x558d03a112c0_0 .var "a", 31 0;
v0x558d03a113a0_0 .var "b", 31 0;
v0x558d03a11460_0 .net "out", 31 0, L_0x558d03a37950;  1 drivers
v0x558d03a11550_0 .var "sel", 2 0;
S_0x558d03983950 .scope module, "u1" "logic_u" 2 8, 3 2 0, S_0x558d039b1bf0;
 .timescale 0 0;
    .port_info 0 /INPUT 32 "a"
    .port_info 1 /INPUT 32 "b"
    .port_info 2 /INPUT 3 "select"
    .port_info 3 /OUTPUT 32 "out"
L_0x558d03a0e180 .functor AND 32, v0x558d03a112c0_0, v0x558d03a113a0_0, C4<11111111111111111111111111111111>, C4<11111111111111111111111111111111>;
L_0x558d03a116b0 .functor OR 32, v0x558d03a112c0_0, v0x558d03a113a0_0, C4<00000000000000000000000000000000>, C4<00000000000000000000000000000000>;
L_0x558d03a11790 .functor NOT 32, v0x558d03a112c0_0, C4<00000000000000000000000000000000>, C4<00000000000000000000000000000000>, C4<00000000000000000000000000000000>;
L_0x558d03a11820 .functor NOT 32, v0x558d03a113a0_0, C4<00000000000000000000000000000000>, C4<00000000000000000000000000000000>, C4<00000000000000000000000000000000>;
L_0x558d03a11950 .functor AND 32, L_0x558d03a11790, L_0x558d03a11820, C4<11111111111111111111111111111111>, C4<11111111111111111111111111111111>;
L_0x558d03a11a10 .functor NOT 32, v0x558d03a112c0_0, C4<00000000000000000000000000000000>, C4<00000000000000000000000000000000>, C4<00000000000000000000000000000000>;
L_0x558d03a11ac0 .functor NOT 32, v0x558d03a113a0_0, C4<00000000000000000000000000000000>, C4<00000000000000000000000000000000>, C4<00000000000000000000000000000000>;
L_0x558d03a11b30 .functor OR 32, L_0x558d03a11a10, L_0x558d03a11ac0, C4<00000000000000000000000000000000>, C4<00000000000000000000000000000000>;
L_0x558d03a11ce0 .functor XOR 32, v0x558d03a112c0_0, v0x558d03a113a0_0, C4<00000000000000000000000000000000>, C4<00000000000000000000000000000000>;
L_0x558d03a11dc0 .functor XOR 32, v0x558d03a112c0_0, v0x558d03a113a0_0, C4<00000000000000000000000000000000>, C4<00000000000000000000000000000000>;
L_0x558d03a11fc0 .functor NOT 32, L_0x558d03a11dc0, C4<00000000000000000000000000000000>, C4<00000000000000000000000000000000>, C4<00000000000000000000000000000000>;
L_0x558d03a12080 .functor NOT 32, v0x558d03a112c0_0, C4<00000000000000000000000000000000>, C4<00000000000000000000000000000000>, C4<00000000000000000000000000000000>;
v0x558d03a103f0_0 .net *"_s10", 31 0, L_0x558d03a11a10;  1 drivers
v0x558d03a104f0_0 .net *"_s12", 31 0, L_0x558d03a11ac0;  1 drivers
v0x558d03a105d0_0 .net *"_s18", 31 0, L_0x558d03a11dc0;  1 drivers
v0x558d03a10690_0 .net *"_s4", 31 0, L_0x558d03a11790;  1 drivers
v0x558d03a10770_0 .net *"_s6", 31 0, L_0x558d03a11820;  1 drivers
v0x558d03a108a0_0 .net "a", 31 0, v0x558d03a112c0_0;  1 drivers
v0x558d03a10960_0 .net "b", 31 0, v0x558d03a113a0_0;  1 drivers
v0x558d03a10a20_0 .net "out", 31 0, L_0x558d03a37950;  alias, 1 drivers
v0x558d03a10ae0_0 .net "out1", 31 0, L_0x558d03a0e180;  1 drivers
v0x558d03a10bb0_0 .net "out2", 31 0, L_0x558d03a116b0;  1 drivers
v0x558d03a10c80_0 .net "out3", 31 0, L_0x558d03a11950;  1 drivers
v0x558d03a10d50_0 .net "out4", 31 0, L_0x558d03a11b30;  1 drivers
v0x558d03a10e20_0 .net "out5", 31 0, L_0x558d03a11ce0;  1 drivers
v0x558d03a10ef0_0 .net "out6", 31 0, L_0x558d03a11fc0;  1 drivers
v0x558d03a10fc0_0 .net "out7", 31 0, L_0x558d03a12080;  1 drivers
v0x558d03a11090_0 .net "out8", 31 0, L_0x558d03a24f70;  1 drivers
v0x558d03a11130_0 .net "select", 2 0, v0x558d03a11550_0;  1 drivers
L_0x558d03a37590 .part v0x558d03a11550_0, 0, 1;
L_0x558d03a37ce0 .part v0x558d03a11550_0, 1, 1;
L_0x558d03a37d80 .part v0x558d03a11550_0, 2, 1;
S_0x558d039e41e0 .scope module, "x1" "comp" 3 16, 4 2 0, S_0x558d03983950;
 .timescale 0 0;
    .port_info 0 /INPUT 32 "inp"
    .port_info 1 /OUTPUT 32 "out"
L_0x558d03a121d0 .functor NOT 32, v0x558d03a112c0_0, C4<00000000000000000000000000000000>, C4<00000000000000000000000000000000>, C4<00000000000000000000000000000000>;
v0x558d03a0dce0_0 .net "carry", 0 0, L_0x558d03a241e0;  1 drivers
v0x558d03a0dda0_0 .net "inp", 31 0, v0x558d03a112c0_0;  alias, 1 drivers
v0x558d03a0de80_0 .net "o1", 31 0, L_0x558d03a121d0;  1 drivers
v0x558d03a0df20_0 .net "out", 31 0, L_0x558d03a24f70;  alias, 1 drivers
S_0x558d039e3e80 .scope module, "a1" "thirtytwoBitAdder" 4 7, 5 3 0, S_0x558d039e41e0;
 .timescale 0 0;
    .port_info 0 /INPUT 32 "a"
    .port_info 1 /INPUT 32 "b"
    .port_info 2 /INPUT 1 "cin"
    .port_info 3 /OUTPUT 32 "sum"
    .port_info 4 /OUTPUT 1 "ca"
v0x558d03a0d730_0 .net "a", 31 0, L_0x558d03a121d0;  alias, 1 drivers
L_0x7f40bcd45018 .functor BUFT 1, C4<00000000000000000000000000000001>, C4<0>, C4<0>, C4<0>;
v0x558d03a0d830_0 .net "b", 31 0, L_0x7f40bcd45018;  1 drivers
v0x558d03a0d910_0 .net "c2", 0 0, L_0x558d03a1ac10;  1 drivers
v0x558d03a0d9b0_0 .net "ca", 0 0, L_0x558d03a241e0;  alias, 1 drivers
L_0x7f40bcd45060 .functor BUFT 1, C4<0>, C4<0>, C4<0>, C4<0>;
v0x558d03a0da50_0 .net "cin", 0 0, L_0x7f40bcd45060;  1 drivers
v0x558d03a0db80_0 .net "sum", 31 0, L_0x558d03a24f70;  alias, 1 drivers
L_0x558d03a1b7d0 .part L_0x558d03a121d0, 0, 16;
L_0x558d03a1b870 .part L_0x7f40bcd45018, 0, 16;
L_0x558d03a24da0 .part L_0x558d03a121d0, 16, 16;
L_0x558d03a24ed0 .part L_0x7f40bcd45018, 16, 16;
L_0x558d03a24f70 .concat8 [ 16 16 0 0], L_0x558d03a1b690, L_0x558d03a24c60;
S_0x558d039e3b00 .scope module, "TA_0" "sixteenBitAdder" 5 13, 6 3 0, S_0x558d039e3e80;
 .timescale 0 0;
    .port_info 0 /INPUT 16 "a"
    .port_info 1 /INPUT 16 "b"
    .port_info 2 /INPUT 1 "cin"
    .port_info 3 /OUTPUT 16 "sum"
    .port_info 4 /OUTPUT 1 "ca"
v0x558d039fd560_0 .net "a", 15 0, L_0x558d03a1b7d0;  1 drivers
v0x558d039fd660_0 .net "b", 15 0, L_0x558d03a1b870;  1 drivers
v0x558d039fd740_0 .net "c1", 0 0, L_0x558d03a16230;  1 drivers
v0x558d039fd7e0_0 .net "ca", 0 0, L_0x558d03a1ac10;  alias, 1 drivers
v0x558d039fd880_0 .net "cin", 0 0, L_0x7f40bcd45060;  alias, 1 drivers
v0x558d039fd920_0 .net "sum", 15 0, L_0x558d03a1b690;  1 drivers
L_0x558d03a16ad0 .part L_0x558d03a1b7d0, 0, 8;
L_0x558d03a16b70 .part L_0x558d03a1b870, 0, 8;
L_0x558d03a1b4b0 .part L_0x558d03a1b7d0, 8, 8;
L_0x558d03a1b5a0 .part L_0x558d03a1b870, 8, 8;
L_0x558d03a1b690 .concat8 [ 8 8 0 0], L_0x558d03a16990, L_0x558d03a1b370;
S_0x558d039850b0 .scope module, "SA_0" "eightBitAdder" 6 12, 7 3 0, S_0x558d039e3b00;
 .timescale 0 0;
    .port_info 0 /INPUT 8 "a"
    .port_info 1 /INPUT 8 "b"
    .port_info 2 /INPUT 1 "cin"
    .port_info 3 /OUTPUT 8 "sum"
    .port_info 4 /OUTPUT 1 "ca"
v0x558d039f54a0_0 .net "a", 7 0, L_0x558d03a16ad0;  1 drivers
v0x558d039f55a0_0 .net "b", 7 0, L_0x558d03a16b70;  1 drivers
v0x558d039f5680_0 .net "ca", 0 0, L_0x558d03a16230;  alias, 1 drivers
v0x558d039f5770_0 .net "cin", 0 0, L_0x7f40bcd45060;  alias, 1 drivers
v0x558d039f5860_0 .net "sum", 7 0, L_0x558d03a16990;  1 drivers
v0x558d039f5970_0 .net "w", 0 0, L_0x558d03a13e60;  1 drivers
L_0x558d03a143e0 .part L_0x558d03a16ad0, 0, 4;
L_0x558d03a14480 .part L_0x558d03a16b70, 0, 4;
L_0x558d03a167b0 .part L_0x558d03a16ad0, 4, 4;
L_0x558d03a168a0 .part L_0x558d03a16b70, 4, 4;
L_0x558d03a16990 .concat8 [ 4 4 0 0], L_0x558d03a14340, L_0x558d03a16710;
S_0x558d03984490 .scope module, "EA_0" "fourBitAdder" 7 13, 8 3 0, S_0x558d039850b0;
 .timescale 0 0;
    .port_info 0 /INPUT 4 "a"
    .port_info 1 /INPUT 4 "b"
    .port_info 2 /INPUT 1 "cin"
    .port_info 3 /OUTPUT 4 "sum"
    .port_info 4 /OUTPUT 1 "ca"
v0x558d039f1480_0 .net "a", 3 0, L_0x558d03a143e0;  1 drivers
v0x558d039f1580_0 .net "b", 3 0, L_0x558d03a14480;  1 drivers
v0x558d039f1660_0 .net "c1", 0 0, L_0x558d03a12760;  1 drivers
v0x558d039f1700_0 .net "c2", 0 0, L_0x558d03a12e50;  1 drivers
v0x558d039f17f0_0 .net "c3", 0 0, L_0x558d03a136a0;  1 drivers
v0x558d039f1930_0 .net "ca", 0 0, L_0x558d03a13e60;  alias, 1 drivers
v0x558d039f19d0_0 .net "cin", 0 0, L_0x7f40bcd45060;  alias, 1 drivers
v0x558d039f1a70_0 .net "sum", 3 0, L_0x558d03a14340;  1 drivers
L_0x558d03a12870 .part L_0x558d03a143e0, 0, 1;
L_0x558d03a12910 .part L_0x558d03a14480, 0, 1;
L_0x558d03a12f60 .part L_0x558d03a143e0, 1, 1;
L_0x558d03a13090 .part L_0x558d03a14480, 1, 1;
L_0x558d03a137b0 .part L_0x558d03a143e0, 2, 1;
L_0x558d03a138e0 .part L_0x558d03a14480, 2, 1;
L_0x558d03a13f70 .part L_0x558d03a143e0, 3, 1;
L_0x558d03a14130 .part L_0x558d03a14480, 3, 1;
L_0x558d03a14340 .concat8 [ 1 1 1 1], L_0x558d03a12360, L_0x558d03a12ab0, L_0x558d03a13230, L_0x558d03a13ac0;
S_0x558d039de2a0 .scope module, "FA_0" "fullAdder" 8 12, 9 1 0, S_0x558d03984490;
 .timescale 0 0;
    .port_info 0 /INPUT 1 "a"
    .port_info 1 /INPUT 1 "b"
    .port_info 2 /INPUT 1 "cin"
    .port_info 3 /OUTPUT 1 "sum"
    .port_info 4 /OUTPUT 1 "ca"
L_0x558d03a122d0 .functor XOR 1, L_0x558d03a12870, L_0x558d03a12910, C4<0>, C4<0>;
L_0x558d03a12360 .functor XOR 1, L_0x558d03a122d0, L_0x7f40bcd45060, C4<0>, C4<0>;
L_0x558d03a12420 .functor AND 1, L_0x558d03a12870, L_0x558d03a12910, C4<1>, C4<1>;
L_0x558d03a12530 .functor AND 1, L_0x558d03a12870, L_0x7f40bcd45060, C4<1>, C4<1>;
L_0x558d03a125a0 .functor OR 1, L_0x558d03a12420, L_0x558d03a12530, C4<0>, C4<0>;
L_0x558d03a126b0 .functor AND 1, L_0x558d03a12910, L_0x7f40bcd45060, C4<1>, C4<1>;
L_0x558d03a12760 .functor OR 1, L_0x558d03a125a0, L_0x558d03a126b0, C4<0>, C4<0>;
v0x558d0398fd50_0 .net *"_s0", 0 0, L_0x558d03a122d0;  1 drivers
v0x558d039eec50_0 .net *"_s10", 0 0, L_0x558d03a126b0;  1 drivers
v0x558d039eed30_0 .net *"_s4", 0 0, L_0x558d03a12420;  1 drivers
v0x558d039eedf0_0 .net *"_s6", 0 0, L_0x558d03a12530;  1 drivers
v0x558d039eeed0_0 .net *"_s8", 0 0, L_0x558d03a125a0;  1 drivers
v0x558d039ef000_0 .net "a", 0 0, L_0x558d03a12870;  1 drivers
v0x558d039ef0c0_0 .net "b", 0 0, L_0x558d03a12910;  1 drivers
v0x558d039ef180_0 .net "ca", 0 0, L_0x558d03a12760;  alias, 1 drivers
v0x558d039ef240_0 .net "cin", 0 0, L_0x7f40bcd45060;  alias, 1 drivers
v0x558d039ef300_0 .net "sum", 0 0, L_0x558d03a12360;  1 drivers
S_0x558d039ef460 .scope module, "FA_1" "fullAdder" 8 13, 9 1 0, S_0x558d03984490;
 .timescale 0 0;
    .port_info 0 /INPUT 1 "a"
    .port_info 1 /INPUT 1 "b"
    .port_info 2 /INPUT 1 "cin"
    .port_info 3 /OUTPUT 1 "sum"
    .port_info 4 /OUTPUT 1 "ca"
L_0x558d03a12a40 .functor XOR 1, L_0x558d03a12f60, L_0x558d03a13090, C4<0>, C4<0>;
L_0x558d03a12ab0 .functor XOR 1, L_0x558d03a12a40, L_0x558d03a12760, C4<0>, C4<0>;
L_0x558d03a12bb0 .functor AND 1, L_0x558d03a12f60, L_0x558d03a13090, C4<1>, C4<1>;
L_0x558d03a12c20 .functor AND 1, L_0x558d03a12f60, L_0x558d03a12760, C4<1>, C4<1>;
L_0x558d03a12c90 .functor OR 1, L_0x558d03a12bb0, L_0x558d03a12c20, C4<0>, C4<0>;
L_0x558d03a12da0 .functor AND 1, L_0x558d03a13090, L_0x558d03a12760, C4<1>, C4<1>;
L_0x558d03a12e50 .functor OR 1, L_0x558d03a12c90, L_0x558d03a12da0, C4<0>, C4<0>;
v0x558d039ef600_0 .net *"_s0", 0 0, L_0x558d03a12a40;  1 drivers
v0x558d039ef6e0_0 .net *"_s10", 0 0, L_0x558d03a12da0;  1 drivers
v0x558d039ef7c0_0 .net *"_s4", 0 0, L_0x558d03a12bb0;  1 drivers
v0x558d039ef880_0 .net *"_s6", 0 0, L_0x558d03a12c20;  1 drivers
v0x558d039ef960_0 .net *"_s8", 0 0, L_0x558d03a12c90;  1 drivers
v0x558d039efa90_0 .net "a", 0 0, L_0x558d03a12f60;  1 drivers
v0x558d039efb50_0 .net "b", 0 0, L_0x558d03a13090;  1 drivers
v0x558d039efc10_0 .net "ca", 0 0, L_0x558d03a12e50;  alias, 1 drivers
v0x558d039efcd0_0 .net "cin", 0 0, L_0x558d03a12760;  alias, 1 drivers
v0x558d039efd70_0 .net "sum", 0 0, L_0x558d03a12ab0;  1 drivers
S_0x558d039efeb0 .scope module, "FA_2" "fullAdder" 8 14, 9 1 0, S_0x558d03984490;
 .timescale 0 0;
    .port_info 0 /INPUT 1 "a"
    .port_info 1 /INPUT 1 "b"
    .port_info 2 /INPUT 1 "cin"
    .port_info 3 /OUTPUT 1 "sum"
    .port_info 4 /OUTPUT 1 "ca"
L_0x558d03a131c0 .functor XOR 1, L_0x558d03a137b0, L_0x558d03a138e0, C4<0>, C4<0>;
L_0x558d03a13230 .functor XOR 1, L_0x558d03a131c0, L_0x558d03a12e50, C4<0>, C4<0>;
L_0x558d03a13380 .functor AND 1, L_0x558d03a137b0, L_0x558d03a138e0, C4<1>, C4<1>;
L_0x558d03a13440 .functor AND 1, L_0x558d03a137b0, L_0x558d03a12e50, C4<1>, C4<1>;
L_0x558d03a134e0 .functor OR 1, L_0x558d03a13380, L_0x558d03a13440, C4<0>, C4<0>;
L_0x558d03a135f0 .functor AND 1, L_0x558d03a138e0, L_0x558d03a12e50, C4<1>, C4<1>;
L_0x558d03a136a0 .functor OR 1, L_0x558d03a134e0, L_0x558d03a135f0, C4<0>, C4<0>;
v0x558d039f0030_0 .net *"_s0", 0 0, L_0x558d03a131c0;  1 drivers
v0x558d039f0110_0 .net *"_s10", 0 0, L_0x558d03a135f0;  1 drivers
v0x558d039f01f0_0 .net *"_s4", 0 0, L_0x558d03a13380;  1 drivers
v0x558d039f02b0_0 .net *"_s6", 0 0, L_0x558d03a13440;  1 drivers
v0x558d039f0390_0 .net *"_s8", 0 0, L_0x558d03a134e0;  1 drivers
v0x558d039f04c0_0 .net "a", 0 0, L_0x558d03a137b0;  1 drivers
v0x558d039f0580_0 .net "b", 0 0, L_0x558d03a138e0;  1 drivers
v0x558d039f0640_0 .net "ca", 0 0, L_0x558d03a136a0;  alias, 1 drivers
v0x558d039f0700_0 .net "cin", 0 0, L_0x558d03a12e50;  alias, 1 drivers
v0x558d039f0830_0 .net "sum", 0 0, L_0x558d03a13230;  1 drivers
S_0x558d039f0970 .scope module, "FA_3" "fullAdder" 8 15, 9 1 0, S_0x558d03984490;
 .timescale 0 0;
    .port_info 0 /INPUT 1 "a"
    .port_info 1 /INPUT 1 "b"
    .port_info 2 /INPUT 1 "cin"
    .port_info 3 /OUTPUT 1 "sum"
    .port_info 4 /OUTPUT 1 "ca"
L_0x558d03a13a50 .functor XOR 1, L_0x558d03a13f70, L_0x558d03a14130, C4<0>, C4<0>;
L_0x558d03a13ac0 .functor XOR 1, L_0x558d03a13a50, L_0x558d03a136a0, C4<0>, C4<0>;
L_0x558d03a13bc0 .functor AND 1, L_0x558d03a13f70, L_0x558d03a14130, C4<1>, C4<1>;
L_0x558d03a13c30 .functor AND 1, L_0x558d03a13f70, L_0x558d03a136a0, C4<1>, C4<1>;
L_0x558d03a13ca0 .functor OR 1, L_0x558d03a13bc0, L_0x558d03a13c30, C4<0>, C4<0>;
L_0x558d03a13db0 .functor AND 1, L_0x558d03a14130, L_0x558d03a136a0, C4<1>, C4<1>;
L_0x558d03a13e60 .functor OR 1, L_0x558d03a13ca0, L_0x558d03a13db0, C4<0>, C4<0>;
v0x558d039f0af0_0 .net *"_s0", 0 0, L_0x558d03a13a50;  1 drivers
v0x558d039f0bf0_0 .net *"_s10", 0 0, L_0x558d03a13db0;  1 drivers
v0x558d039f0cd0_0 .net *"_s4", 0 0, L_0x558d03a13bc0;  1 drivers
v0x558d039f0d90_0 .net *"_s6", 0 0, L_0x558d03a13c30;  1 drivers
v0x558d039f0e70_0 .net *"_s8", 0 0, L_0x558d03a13ca0;  1 drivers
v0x558d039f0fa0_0 .net "a", 0 0, L_0x558d03a13f70;  1 drivers
v0x558d039f1060_0 .net "b", 0 0, L_0x558d03a14130;  1 drivers
v0x558d039f1120_0 .net "ca", 0 0, L_0x558d03a13e60;  alias, 1 drivers
v0x558d039f11e0_0 .net "cin", 0 0, L_0x558d03a136a0;  alias, 1 drivers
v0x558d039f1310_0 .net "sum", 0 0, L_0x558d03a13ac0;  1 drivers
S_0x558d039f1b90 .scope module, "EA_1" "fourBitAdder" 7 14, 8 3 0, S_0x558d039850b0;
 .timescale 0 0;
    .port_info 0 /INPUT 4 "a"
    .port_info 1 /INPUT 4 "b"
    .port_info 2 /INPUT 1 "cin"
    .port_info 3 /OUTPUT 4 "sum"
    .port_info 4 /OUTPUT 1 "ca"
v0x558d039f4d70_0 .net "a", 3 0, L_0x558d03a167b0;  1 drivers
v0x558d039f4e70_0 .net "b", 3 0, L_0x558d03a168a0;  1 drivers
v0x558d039f4f50_0 .net "c1", 0 0, L_0x558d03a14aa0;  1 drivers
v0x558d039f4ff0_0 .net "c2", 0 0, L_0x558d03a151c0;  1 drivers
v0x558d039f50e0_0 .net "c3", 0 0, L_0x558d03a15a40;  1 drivers
v0x558d039f5220_0 .net "ca", 0 0, L_0x558d03a16230;  alias, 1 drivers
v0x558d039f52c0_0 .net "cin", 0 0, L_0x558d03a13e60;  alias, 1 drivers
v0x558d039f5360_0 .net "sum", 3 0, L_0x558d03a16710;  1 drivers
L_0x558d03a14bb0 .part L_0x558d03a167b0, 0, 1;
L_0x558d03a14c50 .part L_0x558d03a168a0, 0, 1;
L_0x558d03a152d0 .part L_0x558d03a167b0, 1, 1;
L_0x558d03a15400 .part L_0x558d03a168a0, 1, 1;
L_0x558d03a15b50 .part L_0x558d03a167b0, 2, 1;
L_0x558d03a15c80 .part L_0x558d03a168a0, 2, 1;
L_0x558d03a16340 .part L_0x558d03a167b0, 3, 1;
L_0x558d03a16500 .part L_0x558d03a168a0, 3, 1;
L_0x558d03a16710 .concat8 [ 1 1 1 1], L_0x558d03a14590, L_0x558d03a14df0, L_0x558d03a155d0, L_0x558d03a15e60;
S_0x558d039f1e00 .scope module, "FA_0" "fullAdder" 8 12, 9 1 0, S_0x558d039f1b90;
 .timescale 0 0;
    .port_info 0 /INPUT 1 "a"
    .port_info 1 /INPUT 1 "b"
    .port_info 2 /INPUT 1 "cin"
    .port_info 3 /OUTPUT 1 "sum"
    .port_info 4 /OUTPUT 1 "ca"
L_0x558d03a14520 .functor XOR 1, L_0x558d03a14bb0, L_0x558d03a14c50, C4<0>, C4<0>;
L_0x558d03a14590 .functor XOR 1, L_0x558d03a14520, L_0x558d03a13e60, C4<0>, C4<0>;
L_0x558d03a14650 .functor AND 1, L_0x558d03a14bb0, L_0x558d03a14c50, C4<1>, C4<1>;
L_0x558d03a14760 .functor AND 1, L_0x558d03a14bb0, L_0x558d03a13e60, C4<1>, C4<1>;
L_0x558d03a147d0 .functor OR 1, L_0x558d03a14650, L_0x558d03a14760, C4<0>, C4<0>;
L_0x558d03a148e0 .functor AND 1, L_0x558d03a14c50, L_0x558d03a13e60, C4<1>, C4<1>;
L_0x558d03a14aa0 .functor OR 1, L_0x558d03a147d0, L_0x558d03a148e0, C4<0>, C4<0>;
v0x558d039f2050_0 .net *"_s0", 0 0, L_0x558d03a14520;  1 drivers
v0x558d039f2150_0 .net *"_s10", 0 0, L_0x558d03a148e0;  1 drivers
v0x558d039f2230_0 .net *"_s4", 0 0, L_0x558d03a14650;  1 drivers
v0x558d039f2320_0 .net *"_s6", 0 0, L_0x558d03a14760;  1 drivers
v0x558d039f2400_0 .net *"_s8", 0 0, L_0x558d03a147d0;  1 drivers
v0x558d039f2530_0 .net "a", 0 0, L_0x558d03a14bb0;  1 drivers
v0x558d039f25f0_0 .net "b", 0 0, L_0x558d03a14c50;  1 drivers
v0x558d039f26b0_0 .net "ca", 0 0, L_0x558d03a14aa0;  alias, 1 drivers
v0x558d039f2770_0 .net "cin", 0 0, L_0x558d03a13e60;  alias, 1 drivers
v0x558d039f28a0_0 .net "sum", 0 0, L_0x558d03a14590;  1 drivers
S_0x558d039f2a00 .scope module, "FA_1" "fullAdder" 8 13, 9 1 0, S_0x558d039f1b90;
 .timescale 0 0;
    .port_info 0 /INPUT 1 "a"
    .port_info 1 /INPUT 1 "b"
    .port_info 2 /INPUT 1 "cin"
    .port_info 3 /OUTPUT 1 "sum"
    .port_info 4 /OUTPUT 1 "ca"
L_0x558d03a14d80 .functor XOR 1, L_0x558d03a152d0, L_0x558d03a15400, C4<0>, C4<0>;
L_0x558d03a14df0 .functor XOR 1, L_0x558d03a14d80, L_0x558d03a14aa0, C4<0>, C4<0>;
L_0x558d03a14ef0 .functor AND 1, L_0x558d03a152d0, L_0x558d03a15400, C4<1>, C4<1>;
L_0x558d03a14f60 .functor AND 1, L_0x558d03a152d0, L_0x558d03a14aa0, C4<1>, C4<1>;
L_0x558d03a15000 .functor OR 1, L_0x558d03a14ef0, L_0x558d03a14f60, C4<0>, C4<0>;
L_0x558d03a15110 .functor AND 1, L_0x558d03a15400, L_0x558d03a14aa0, C4<1>, C4<1>;
L_0x558d03a151c0 .functor OR 1, L_0x558d03a15000, L_0x558d03a15110, C4<0>, C4<0>;
v0x558d039f2c70_0 .net *"_s0", 0 0, L_0x558d03a14d80;  1 drivers
v0x558d039f2d50_0 .net *"_s10", 0 0, L_0x558d03a15110;  1 drivers
v0x558d039f2e30_0 .net *"_s4", 0 0, L_0x558d03a14ef0;  1 drivers
v0x558d039f2ef0_0 .net *"_s6", 0 0, L_0x558d03a14f60;  1 drivers
v0x558d039f2fd0_0 .net *"_s8", 0 0, L_0x558d03a15000;  1 drivers
v0x558d039f3100_0 .net "a", 0 0, L_0x558d03a152d0;  1 drivers
v0x558d039f31c0_0 .net "b", 0 0, L_0x558d03a15400;  1 drivers
v0x558d039f3280_0 .net "ca", 0 0, L_0x558d03a151c0;  alias, 1 drivers
v0x558d039f3340_0 .net "cin", 0 0, L_0x558d03a14aa0;  alias, 1 drivers
v0x558d039f3470_0 .net "sum", 0 0, L_0x558d03a14df0;  1 drivers
S_0x558d039f35e0 .scope module, "FA_2" "fullAdder" 8 14, 9 1 0, S_0x558d039f1b90;
 .timescale 0 0;
    .port_info 0 /INPUT 1 "a"
    .port_info 1 /INPUT 1 "b"
    .port_info 2 /INPUT 1 "cin"
    .port_info 3 /OUTPUT 1 "sum"
    .port_info 4 /OUTPUT 1 "ca"
L_0x558d03a15560 .functor XOR 1, L_0x558d03a15b50, L_0x558d03a15c80, C4<0>, C4<0>;
L_0x558d03a155d0 .functor XOR 1, L_0x558d03a15560, L_0x558d03a151c0, C4<0>, C4<0>;
L_0x558d03a15720 .functor AND 1, L_0x558d03a15b50, L_0x558d03a15c80, C4<1>, C4<1>;
L_0x558d03a157e0 .functor AND 1, L_0x558d03a15b50, L_0x558d03a151c0, C4<1>, C4<1>;
L_0x558d03a15880 .functor OR 1, L_0x558d03a15720, L_0x558d03a157e0, C4<0>, C4<0>;
L_0x558d03a15990 .functor AND 1, L_0x558d03a15c80, L_0x558d03a151c0, C4<1>, C4<1>;
L_0x558d03a15a40 .functor OR 1, L_0x558d03a15880, L_0x558d03a15990, C4<0>, C4<0>;
v0x558d039f3810_0 .net *"_s0", 0 0, L_0x558d03a15560;  1 drivers
v0x558d039f38f0_0 .net *"_s10", 0 0, L_0x558d03a15990;  1 drivers
v0x558d039f39d0_0 .net *"_s4", 0 0, L_0x558d03a15720;  1 drivers
v0x558d039f3ac0_0 .net *"_s6", 0 0, L_0x558d03a157e0;  1 drivers
v0x558d039f3ba0_0 .net *"_s8", 0 0, L_0x558d03a15880;  1 drivers
v0x558d039f3cd0_0 .net "a", 0 0, L_0x558d03a15b50;  1 drivers
v0x558d039f3d90_0 .net "b", 0 0, L_0x558d03a15c80;  1 drivers
v0x558d039f3e50_0 .net "ca", 0 0, L_0x558d03a15a40;  alias, 1 drivers
v0x558d039f3f10_0 .net "cin", 0 0, L_0x558d03a151c0;  alias, 1 drivers
v0x558d039f4040_0 .net "sum", 0 0, L_0x558d03a155d0;  1 drivers
S_0x558d039f41b0 .scope module, "FA_3" "fullAdder" 8 15, 9 1 0, S_0x558d039f1b90;
 .timescale 0 0;
    .port_info 0 /INPUT 1 "a"
    .port_info 1 /INPUT 1 "b"
    .port_info 2 /INPUT 1 "cin"
    .port_info 3 /OUTPUT 1 "sum"
    .port_info 4 /OUTPUT 1 "ca"
L_0x558d03a15df0 .functor XOR 1, L_0x558d03a16340, L_0x558d03a16500, C4<0>, C4<0>;
L_0x558d03a15e60 .functor XOR 1, L_0x558d03a15df0, L_0x558d03a15a40, C4<0>, C4<0>;
L_0x558d03a15f60 .functor AND 1, L_0x558d03a16340, L_0x558d03a16500, C4<1>, C4<1>;
L_0x558d03a15fd0 .functor AND 1, L_0x558d03a16340, L_0x558d03a15a40, C4<1>, C4<1>;
L_0x558d03a16070 .functor OR 1, L_0x558d03a15f60, L_0x558d03a15fd0, C4<0>, C4<0>;
L_0x558d03a16180 .functor AND 1, L_0x558d03a16500, L_0x558d03a15a40, C4<1>, C4<1>;
L_0x558d03a16230 .functor OR 1, L_0x558d03a16070, L_0x558d03a16180, C4<0>, C4<0>;
v0x558d039f43b0_0 .net *"_s0", 0 0, L_0x558d03a15df0;  1 drivers
v0x558d039f44b0_0 .net *"_s10", 0 0, L_0x558d03a16180;  1 drivers
v0x558d039f4590_0 .net *"_s4", 0 0, L_0x558d03a15f60;  1 drivers
v0x558d039f4680_0 .net *"_s6", 0 0, L_0x558d03a15fd0;  1 drivers
v0x558d039f4760_0 .net *"_s8", 0 0, L_0x558d03a16070;  1 drivers
v0x558d039f4890_0 .net "a", 0 0, L_0x558d03a16340;  1 drivers
v0x558d039f4950_0 .net "b", 0 0, L_0x558d03a16500;  1 drivers
v0x558d039f4a10_0 .net "ca", 0 0, L_0x558d03a16230;  alias, 1 drivers
v0x558d039f4ad0_0 .net "cin", 0 0, L_0x558d03a15a40;  alias, 1 drivers
v0x558d039f4c00_0 .net "sum", 0 0, L_0x558d03a15e60;  1 drivers
S_0x558d039f5b40 .scope module, "SA_1" "eightBitAdder" 6 13, 7 3 0, S_0x558d039e3b00;
 .timescale 0 0;
    .port_info 0 /INPUT 8 "a"
    .port_info 1 /INPUT 8 "b"
    .port_info 2 /INPUT 1 "cin"
    .port_info 3 /OUTPUT 8 "sum"
    .port_info 4 /OUTPUT 1 "ca"
v0x558d039fcf10_0 .net "a", 7 0, L_0x558d03a1b4b0;  1 drivers
v0x558d039fd010_0 .net "b", 7 0, L_0x558d03a1b5a0;  1 drivers
v0x558d039fd0f0_0 .net "ca", 0 0, L_0x558d03a1ac10;  alias, 1 drivers
v0x558d039fd1e0_0 .net "cin", 0 0, L_0x558d03a16230;  alias, 1 drivers
v0x558d039fd280_0 .net "sum", 7 0, L_0x558d03a1b370;  1 drivers
v0x558d039fd390_0 .net "w", 0 0, L_0x558d03a18880;  1 drivers
L_0x558d03a18e00 .part L_0x558d03a1b4b0, 0, 4;
L_0x558d03a18ea0 .part L_0x558d03a1b5a0, 0, 4;
L_0x558d03a1b190 .part L_0x558d03a1b4b0, 4, 4;
L_0x558d03a1b280 .part L_0x558d03a1b5a0, 4, 4;
L_0x558d03a1b370 .concat8 [ 4 4 0 0], L_0x558d03a18d60, L_0x558d03a1b0f0;
S_0x558d039f5d60 .scope module, "EA_0" "fourBitAdder" 7 13, 8 3 0, S_0x558d039f5b40;
 .timescale 0 0;
    .port_info 0 /INPUT 4 "a"
    .port_info 1 /INPUT 4 "b"
    .port_info 2 /INPUT 1 "cin"
    .port_info 3 /OUTPUT 4 "sum"
    .port_info 4 /OUTPUT 1 "ca"
v0x558d039f8ec0_0 .net "a", 3 0, L_0x558d03a18e00;  1 drivers
v0x558d039f8fc0_0 .net "b", 3 0, L_0x558d03a18ea0;  1 drivers
v0x558d039f90a0_0 .net "c1", 0 0, L_0x558d03a17150;  1 drivers
v0x558d039f9140_0 .net "c2", 0 0, L_0x558d03a17840;  1 drivers
v0x558d039f9230_0 .net "c3", 0 0, L_0x558d03a180c0;  1 drivers
v0x558d039f9370_0 .net "ca", 0 0, L_0x558d03a18880;  alias, 1 drivers
v0x558d039f9410_0 .net "cin", 0 0, L_0x558d03a16230;  alias, 1 drivers
v0x558d039f9540_0 .net "sum", 3 0, L_0x558d03a18d60;  1 drivers
L_0x558d03a17260 .part L_0x558d03a18e00, 0, 1;
L_0x558d03a17300 .part L_0x558d03a18ea0, 0, 1;
L_0x558d03a17950 .part L_0x558d03a18e00, 1, 1;
L_0x558d03a17a80 .part L_0x558d03a18ea0, 1, 1;
L_0x558d03a181d0 .part L_0x558d03a18e00, 2, 1;
L_0x558d03a18300 .part L_0x558d03a18ea0, 2, 1;
L_0x558d03a18990 .part L_0x558d03a18e00, 3, 1;
L_0x558d03a18b50 .part L_0x558d03a18ea0, 3, 1;
L_0x558d03a18d60 .concat8 [ 1 1 1 1], L_0x558d03a16c80, L_0x558d03a174a0, L_0x558d03a17c50, L_0x558d03a184e0;
S_0x558d039f5fb0 .scope module, "FA_0" "fullAdder" 8 12, 9 1 0, S_0x558d039f5d60;
 .timescale 0 0;
    .port_info 0 /INPUT 1 "a"
    .port_info 1 /INPUT 1 "b"
    .port_info 2 /INPUT 1 "cin"
    .port_info 3 /OUTPUT 1 "sum"
    .port_info 4 /OUTPUT 1 "ca"
L_0x558d03a16c10 .functor XOR 1, L_0x558d03a17260, L_0x558d03a17300, C4<0>, C4<0>;
L_0x558d03a16c80 .functor XOR 1, L_0x558d03a16c10, L_0x558d03a16230, C4<0>, C4<0>;
L_0x558d03a16e50 .functor AND 1, L_0x558d03a17260, L_0x558d03a17300, C4<1>, C4<1>;
L_0x558d03a16f60 .functor AND 1, L_0x558d03a17260, L_0x558d03a16230, C4<1>, C4<1>;
L_0x558d03a16fd0 .functor OR 1, L_0x558d03a16e50, L_0x558d03a16f60, C4<0>, C4<0>;
L_0x558d03a170e0 .functor AND 1, L_0x558d03a17300, L_0x558d03a16230, C4<1>, C4<1>;
L_0x558d03a17150 .functor OR 1, L_0x558d03a16fd0, L_0x558d03a170e0, C4<0>, C4<0>;
v0x558d039f6220_0 .net *"_s0", 0 0, L_0x558d03a16c10;  1 drivers
v0x558d039f6320_0 .net *"_s10", 0 0, L_0x558d03a170e0;  1 drivers
v0x558d039f6400_0 .net *"_s4", 0 0, L_0x558d03a16e50;  1 drivers
v0x558d039f64c0_0 .net *"_s6", 0 0, L_0x558d03a16f60;  1 drivers
v0x558d039f65a0_0 .net *"_s8", 0 0, L_0x558d03a16fd0;  1 drivers
v0x558d039f66d0_0 .net "a", 0 0, L_0x558d03a17260;  1 drivers
v0x558d039f6790_0 .net "b", 0 0, L_0x558d03a17300;  1 drivers
v0x558d039f6850_0 .net "ca", 0 0, L_0x558d03a17150;  alias, 1 drivers
v0x558d039f6910_0 .net "cin", 0 0, L_0x558d03a16230;  alias, 1 drivers
v0x558d039f6a40_0 .net "sum", 0 0, L_0x558d03a16c80;  1 drivers
S_0x558d039f6ba0 .scope module, "FA_1" "fullAdder" 8 13, 9 1 0, S_0x558d039f5d60;
 .timescale 0 0;
    .port_info 0 /INPUT 1 "a"
    .port_info 1 /INPUT 1 "b"
    .port_info 2 /INPUT 1 "cin"
    .port_info 3 /OUTPUT 1 "sum"
    .port_info 4 /OUTPUT 1 "ca"
L_0x558d03a17430 .functor XOR 1, L_0x558d03a17950, L_0x558d03a17a80, C4<0>, C4<0>;
L_0x558d03a174a0 .functor XOR 1, L_0x558d03a17430, L_0x558d03a17150, C4<0>, C4<0>;
L_0x558d03a175a0 .functor AND 1, L_0x558d03a17950, L_0x558d03a17a80, C4<1>, C4<1>;
L_0x558d03a17610 .functor AND 1, L_0x558d03a17950, L_0x558d03a17150, C4<1>, C4<1>;
L_0x558d03a17680 .functor OR 1, L_0x558d03a175a0, L_0x558d03a17610, C4<0>, C4<0>;
L_0x558d03a17790 .functor AND 1, L_0x558d03a17a80, L_0x558d03a17150, C4<1>, C4<1>;
L_0x558d03a17840 .functor OR 1, L_0x558d03a17680, L_0x558d03a17790, C4<0>, C4<0>;
v0x558d039f6dc0_0 .net *"_s0", 0 0, L_0x558d03a17430;  1 drivers
v0x558d039f6ea0_0 .net *"_s10", 0 0, L_0x558d03a17790;  1 drivers
v0x558d039f6f80_0 .net *"_s4", 0 0, L_0x558d03a175a0;  1 drivers
v0x558d039f7040_0 .net *"_s6", 0 0, L_0x558d03a17610;  1 drivers
v0x558d039f7120_0 .net *"_s8", 0 0, L_0x558d03a17680;  1 drivers
v0x558d039f7250_0 .net "a", 0 0, L_0x558d03a17950;  1 drivers
v0x558d039f7310_0 .net "b", 0 0, L_0x558d03a17a80;  1 drivers
v0x558d039f73d0_0 .net "ca", 0 0, L_0x558d03a17840;  alias, 1 drivers
v0x558d039f7490_0 .net "cin", 0 0, L_0x558d03a17150;  alias, 1 drivers
v0x558d039f75c0_0 .net "sum", 0 0, L_0x558d03a174a0;  1 drivers
S_0x558d039f7730 .scope module, "FA_2" "fullAdder" 8 14, 9 1 0, S_0x558d039f5d60;
 .timescale 0 0;
    .port_info 0 /INPUT 1 "a"
    .port_info 1 /INPUT 1 "b"
    .port_info 2 /INPUT 1 "cin"
    .port_info 3 /OUTPUT 1 "sum"
    .port_info 4 /OUTPUT 1 "ca"
L_0x558d03a17be0 .functor XOR 1, L_0x558d03a181d0, L_0x558d03a18300, C4<0>, C4<0>;
L_0x558d03a17c50 .functor XOR 1, L_0x558d03a17be0, L_0x558d03a17840, C4<0>, C4<0>;
L_0x558d03a17da0 .functor AND 1, L_0x558d03a181d0, L_0x558d03a18300, C4<1>, C4<1>;
L_0x558d03a17e60 .functor AND 1, L_0x558d03a181d0, L_0x558d03a17840, C4<1>, C4<1>;
L_0x558d03a17f00 .functor OR 1, L_0x558d03a17da0, L_0x558d03a17e60, C4<0>, C4<0>;
L_0x558d03a18010 .functor AND 1, L_0x558d03a18300, L_0x558d03a17840, C4<1>, C4<1>;
L_0x558d03a180c0 .functor OR 1, L_0x558d03a17f00, L_0x558d03a18010, C4<0>, C4<0>;
v0x558d039f7960_0 .net *"_s0", 0 0, L_0x558d03a17be0;  1 drivers
v0x558d039f7a40_0 .net *"_s10", 0 0, L_0x558d03a18010;  1 drivers
v0x558d039f7b20_0 .net *"_s4", 0 0, L_0x558d03a17da0;  1 drivers
v0x558d039f7c10_0 .net *"_s6", 0 0, L_0x558d03a17e60;  1 drivers
v0x558d039f7cf0_0 .net *"_s8", 0 0, L_0x558d03a17f00;  1 drivers
v0x558d039f7e20_0 .net "a", 0 0, L_0x558d03a181d0;  1 drivers
v0x558d039f7ee0_0 .net "b", 0 0, L_0x558d03a18300;  1 drivers
v0x558d039f7fa0_0 .net "ca", 0 0, L_0x558d03a180c0;  alias, 1 drivers
v0x558d039f8060_0 .net "cin", 0 0, L_0x558d03a17840;  alias, 1 drivers
v0x558d039f8190_0 .net "sum", 0 0, L_0x558d03a17c50;  1 drivers
S_0x558d039f8300 .scope module, "FA_3" "fullAdder" 8 15, 9 1 0, S_0x558d039f5d60;
 .timescale 0 0;
    .port_info 0 /INPUT 1 "a"
    .port_info 1 /INPUT 1 "b"
    .port_info 2 /INPUT 1 "cin"
    .port_info 3 /OUTPUT 1 "sum"
    .port_info 4 /OUTPUT 1 "ca"
L_0x558d03a18470 .functor XOR 1, L_0x558d03a18990, L_0x558d03a18b50, C4<0>, C4<0>;
L_0x558d03a184e0 .functor XOR 1, L_0x558d03a18470, L_0x558d03a180c0, C4<0>, C4<0>;
L_0x558d03a185e0 .functor AND 1, L_0x558d03a18990, L_0x558d03a18b50, C4<1>, C4<1>;
L_0x558d03a18650 .functor AND 1, L_0x558d03a18990, L_0x558d03a180c0, C4<1>, C4<1>;
L_0x558d03a186c0 .functor OR 1, L_0x558d03a185e0, L_0x558d03a18650, C4<0>, C4<0>;
L_0x558d03a187d0 .functor AND 1, L_0x558d03a18b50, L_0x558d03a180c0, C4<1>, C4<1>;
L_0x558d03a18880 .functor OR 1, L_0x558d03a186c0, L_0x558d03a187d0, C4<0>, C4<0>;
v0x558d039f8500_0 .net *"_s0", 0 0, L_0x558d03a18470;  1 drivers
v0x558d039f8600_0 .net *"_s10", 0 0, L_0x558d03a187d0;  1 drivers
v0x558d039f86e0_0 .net *"_s4", 0 0, L_0x558d03a185e0;  1 drivers
v0x558d039f87d0_0 .net *"_s6", 0 0, L_0x558d03a18650;  1 drivers
v0x558d039f88b0_0 .net *"_s8", 0 0, L_0x558d03a186c0;  1 drivers
v0x558d039f89e0_0 .net "a", 0 0, L_0x558d03a18990;  1 drivers
v0x558d039f8aa0_0 .net "b", 0 0, L_0x558d03a18b50;  1 drivers
v0x558d039f8b60_0 .net "ca", 0 0, L_0x558d03a18880;  alias, 1 drivers
v0x558d039f8c20_0 .net "cin", 0 0, L_0x558d03a180c0;  alias, 1 drivers
v0x558d039f8d50_0 .net "sum", 0 0, L_0x558d03a184e0;  1 drivers
S_0x558d039f9680 .scope module, "EA_1" "fourBitAdder" 7 14, 8 3 0, S_0x558d039f5b40;
 .timescale 0 0;
    .port_info 0 /INPUT 4 "a"
    .port_info 1 /INPUT 4 "b"
    .port_info 2 /INPUT 1 "cin"
    .port_info 3 /OUTPUT 4 "sum"
    .port_info 4 /OUTPUT 1 "ca"
v0x558d039fc7e0_0 .net "a", 3 0, L_0x558d03a1b190;  1 drivers
v0x558d039fc8e0_0 .net "b", 3 0, L_0x558d03a1b280;  1 drivers
v0x558d039fc9c0_0 .net "c1", 0 0, L_0x558d03a19480;  1 drivers
v0x558d039fca60_0 .net "c2", 0 0, L_0x558d03a19ba0;  1 drivers
v0x558d039fcb50_0 .net "c3", 0 0, L_0x558d03a1a420;  1 drivers
v0x558d039fcc90_0 .net "ca", 0 0, L_0x558d03a1ac10;  alias, 1 drivers
v0x558d039fcd30_0 .net "cin", 0 0, L_0x558d03a18880;  alias, 1 drivers
v0x558d039fcdd0_0 .net "sum", 3 0, L_0x558d03a1b0f0;  1 drivers
L_0x558d03a19590 .part L_0x558d03a1b190, 0, 1;
L_0x558d03a19630 .part L_0x558d03a1b280, 0, 1;
L_0x558d03a19cb0 .part L_0x558d03a1b190, 1, 1;
L_0x558d03a19de0 .part L_0x558d03a1b280, 1, 1;
L_0x558d03a1a530 .part L_0x558d03a1b190, 2, 1;
L_0x558d03a1a660 .part L_0x558d03a1b280, 2, 1;
L_0x558d03a1ad20 .part L_0x558d03a1b190, 3, 1;
L_0x558d03a1aee0 .part L_0x558d03a1b280, 3, 1;
L_0x558d03a1b0f0 .concat8 [ 1 1 1 1], L_0x558d03a18fb0, L_0x558d03a197d0, L_0x558d03a19fb0, L_0x558d03a1a840;
S_0x558d039f98a0 .scope module, "FA_0" "fullAdder" 8 12, 9 1 0, S_0x558d039f9680;
 .timescale 0 0;
    .port_info 0 /INPUT 1 "a"
    .port_info 1 /INPUT 1 "b"
    .port_info 2 /INPUT 1 "cin"
    .port_info 3 /OUTPUT 1 "sum"
    .port_info 4 /OUTPUT 1 "ca"
L_0x558d03a18f40 .functor XOR 1, L_0x558d03a19590, L_0x558d03a19630, C4<0>, C4<0>;
L_0x558d03a18fb0 .functor XOR 1, L_0x558d03a18f40, L_0x558d03a18880, C4<0>, C4<0>;
L_0x558d03a19070 .functor AND 1, L_0x558d03a19590, L_0x558d03a19630, C4<1>, C4<1>;
L_0x558d03a19180 .functor AND 1, L_0x558d03a19590, L_0x558d03a18880, C4<1>, C4<1>;
L_0x558d03a191f0 .functor OR 1, L_0x558d03a19070, L_0x558d03a19180, C4<0>, C4<0>;
L_0x558d03a19300 .functor AND 1, L_0x558d03a19630, L_0x558d03a18880, C4<1>, C4<1>;
L_0x558d03a19480 .functor OR 1, L_0x558d03a191f0, L_0x558d03a19300, C4<0>, C4<0>;
v0x558d039f9af0_0 .net *"_s0", 0 0, L_0x558d03a18f40;  1 drivers
v0x558d039f9bf0_0 .net *"_s10", 0 0, L_0x558d03a19300;  1 drivers
v0x558d039f9cd0_0 .net *"_s4", 0 0, L_0x558d03a19070;  1 drivers
v0x558d039f9d90_0 .net *"_s6", 0 0, L_0x558d03a19180;  1 drivers
v0x558d039f9e70_0 .net *"_s8", 0 0, L_0x558d03a191f0;  1 drivers
v0x558d039f9fa0_0 .net "a", 0 0, L_0x558d03a19590;  1 drivers
v0x558d039fa060_0 .net "b", 0 0, L_0x558d03a19630;  1 drivers
v0x558d039fa120_0 .net "ca", 0 0, L_0x558d03a19480;  alias, 1 drivers
v0x558d039fa1e0_0 .net "cin", 0 0, L_0x558d03a18880;  alias, 1 drivers
v0x558d039fa310_0 .net "sum", 0 0, L_0x558d03a18fb0;  1 drivers
S_0x558d039fa470 .scope module, "FA_1" "fullAdder" 8 13, 9 1 0, S_0x558d039f9680;
 .timescale 0 0;
    .port_info 0 /INPUT 1 "a"
    .port_info 1 /INPUT 1 "b"
    .port_info 2 /INPUT 1 "cin"
    .port_info 3 /OUTPUT 1 "sum"
    .port_info 4 /OUTPUT 1 "ca"
L_0x558d03a19760 .functor XOR 1, L_0x558d03a19cb0, L_0x558d03a19de0, C4<0>, C4<0>;
L_0x558d03a197d0 .functor XOR 1, L_0x558d03a19760, L_0x558d03a19480, C4<0>, C4<0>;
L_0x558d03a198d0 .functor AND 1, L_0x558d03a19cb0, L_0x558d03a19de0, C4<1>, C4<1>;
L_0x558d03a19940 .functor AND 1, L_0x558d03a19cb0, L_0x558d03a19480, C4<1>, C4<1>;
L_0x558d03a199e0 .functor OR 1, L_0x558d03a198d0, L_0x558d03a19940, C4<0>, C4<0>;
L_0x558d03a19af0 .functor AND 1, L_0x558d03a19de0, L_0x558d03a19480, C4<1>, C4<1>;
L_0x558d03a19ba0 .functor OR 1, L_0x558d03a199e0, L_0x558d03a19af0, C4<0>, C4<0>;
v0x558d039fa6e0_0 .net *"_s0", 0 0, L_0x558d03a19760;  1 drivers
v0x558d039fa7c0_0 .net *"_s10", 0 0, L_0x558d03a19af0;  1 drivers
v0x558d039fa8a0_0 .net *"_s4", 0 0, L_0x558d03a198d0;  1 drivers
v0x558d039fa960_0 .net *"_s6", 0 0, L_0x558d03a19940;  1 drivers
v0x558d039faa40_0 .net *"_s8", 0 0, L_0x558d03a199e0;  1 drivers
v0x558d039fab70_0 .net "a", 0 0, L_0x558d03a19cb0;  1 drivers
v0x558d039fac30_0 .net "b", 0 0, L_0x558d03a19de0;  1 drivers
v0x558d039facf0_0 .net "ca", 0 0, L_0x558d03a19ba0;  alias, 1 drivers
v0x558d039fadb0_0 .net "cin", 0 0, L_0x558d03a19480;  alias, 1 drivers
v0x558d039faee0_0 .net "sum", 0 0, L_0x558d03a197d0;  1 drivers
S_0x558d039fb050 .scope module, "FA_2" "fullAdder" 8 14, 9 1 0, S_0x558d039f9680;
 .timescale 0 0;
    .port_info 0 /INPUT 1 "a"
    .port_info 1 /INPUT 1 "b"
    .port_info 2 /INPUT 1 "cin"
    .port_info 3 /OUTPUT 1 "sum"
    .port_info 4 /OUTPUT 1 "ca"
L_0x558d03a19f40 .functor XOR 1, L_0x558d03a1a530, L_0x558d03a1a660, C4<0>, C4<0>;
L_0x558d03a19fb0 .functor XOR 1, L_0x558d03a19f40, L_0x558d03a19ba0, C4<0>, C4<0>;
L_0x558d03a1a100 .functor AND 1, L_0x558d03a1a530, L_0x558d03a1a660, C4<1>, C4<1>;
L_0x558d03a1a1c0 .functor AND 1, L_0x558d03a1a530, L_0x558d03a19ba0, C4<1>, C4<1>;
L_0x558d03a1a260 .functor OR 1, L_0x558d03a1a100, L_0x558d03a1a1c0, C4<0>, C4<0>;
L_0x558d03a1a370 .functor AND 1, L_0x558d03a1a660, L_0x558d03a19ba0, C4<1>, C4<1>;
L_0x558d03a1a420 .functor OR 1, L_0x558d03a1a260, L_0x558d03a1a370, C4<0>, C4<0>;
v0x558d039fb280_0 .net *"_s0", 0 0, L_0x558d03a19f40;  1 drivers
v0x558d039fb360_0 .net *"_s10", 0 0, L_0x558d03a1a370;  1 drivers
v0x558d039fb440_0 .net *"_s4", 0 0, L_0x558d03a1a100;  1 drivers
v0x558d039fb530_0 .net *"_s6", 0 0, L_0x558d03a1a1c0;  1 drivers
v0x558d039fb610_0 .net *"_s8", 0 0, L_0x558d03a1a260;  1 drivers
v0x558d039fb740_0 .net "a", 0 0, L_0x558d03a1a530;  1 drivers
v0x558d039fb800_0 .net "b", 0 0, L_0x558d03a1a660;  1 drivers
v0x558d039fb8c0_0 .net "ca", 0 0, L_0x558d03a1a420;  alias, 1 drivers
v0x558d039fb980_0 .net "cin", 0 0, L_0x558d03a19ba0;  alias, 1 drivers
v0x558d039fbab0_0 .net "sum", 0 0, L_0x558d03a19fb0;  1 drivers
S_0x558d039fbc20 .scope module, "FA_3" "fullAdder" 8 15, 9 1 0, S_0x558d039f9680;
 .timescale 0 0;
    .port_info 0 /INPUT 1 "a"
    .port_info 1 /INPUT 1 "b"
    .port_info 2 /INPUT 1 "cin"
    .port_info 3 /OUTPUT 1 "sum"
    .port_info 4 /OUTPUT 1 "ca"
L_0x558d03a1a7d0 .functor XOR 1, L_0x558d03a1ad20, L_0x558d03a1aee0, C4<0>, C4<0>;
L_0x558d03a1a840 .functor XOR 1, L_0x558d03a1a7d0, L_0x558d03a1a420, C4<0>, C4<0>;
L_0x558d03a1a940 .functor AND 1, L_0x558d03a1ad20, L_0x558d03a1aee0, C4<1>, C4<1>;
L_0x558d03a1a9b0 .functor AND 1, L_0x558d03a1ad20, L_0x558d03a1a420, C4<1>, C4<1>;
L_0x558d03a1aa50 .functor OR 1, L_0x558d03a1a940, L_0x558d03a1a9b0, C4<0>, C4<0>;
L_0x558d03a1ab60 .functor AND 1, L_0x558d03a1aee0, L_0x558d03a1a420, C4<1>, C4<1>;
L_0x558d03a1ac10 .functor OR 1, L_0x558d03a1aa50, L_0x558d03a1ab60, C4<0>, C4<0>;
v0x558d039fbe20_0 .net *"_s0", 0 0, L_0x558d03a1a7d0;  1 drivers
v0x558d039fbf20_0 .net *"_s10", 0 0, L_0x558d03a1ab60;  1 drivers
v0x558d039fc000_0 .net *"_s4", 0 0, L_0x558d03a1a940;  1 drivers
v0x558d039fc0f0_0 .net *"_s6", 0 0, L_0x558d03a1a9b0;  1 drivers
v0x558d039fc1d0_0 .net *"_s8", 0 0, L_0x558d03a1aa50;  1 drivers
v0x558d039fc300_0 .net "a", 0 0, L_0x558d03a1ad20;  1 drivers
v0x558d039fc3c0_0 .net "b", 0 0, L_0x558d03a1aee0;  1 drivers
v0x558d039fc480_0 .net "ca", 0 0, L_0x558d03a1ac10;  alias, 1 drivers
v0x558d039fc540_0 .net "cin", 0 0, L_0x558d03a1a420;  alias, 1 drivers
v0x558d039fc670_0 .net "sum", 0 0, L_0x558d03a1a840;  1 drivers
S_0x558d039fda80 .scope module, "TA_1" "sixteenBitAdder" 5 14, 6 3 0, S_0x558d039e3e80;
 .timescale 0 0;
    .port_info 0 /INPUT 16 "a"
    .port_info 1 /INPUT 16 "b"
    .port_info 2 /INPUT 1 "cin"
    .port_info 3 /OUTPUT 16 "sum"
    .port_info 4 /OUTPUT 1 "ca"
v0x558d03a0d210_0 .net "a", 15 0, L_0x558d03a24da0;  1 drivers
v0x558d03a0d310_0 .net "b", 15 0, L_0x558d03a24ed0;  1 drivers
v0x558d03a0d3f0_0 .net "c1", 0 0, L_0x558d03a1f800;  1 drivers
v0x558d03a0d490_0 .net "ca", 0 0, L_0x558d03a241e0;  alias, 1 drivers
v0x558d03a0d530_0 .net "cin", 0 0, L_0x558d03a1ac10;  alias, 1 drivers
v0x558d03a0d5d0_0 .net "sum", 15 0, L_0x558d03a24c60;  1 drivers
L_0x558d03a200a0 .part L_0x558d03a24da0, 0, 8;
L_0x558d03a20140 .part L_0x558d03a24ed0, 0, 8;
L_0x558d03a24a80 .part L_0x558d03a24da0, 8, 8;
L_0x558d03a24b70 .part L_0x558d03a24ed0, 8, 8;
L_0x558d03a24c60 .concat8 [ 8 8 0 0], L_0x558d03a1ff60, L_0x558d03a24940;
S_0x558d039fdcf0 .scope module, "SA_0" "eightBitAdder" 6 12, 7 3 0, S_0x558d039fda80;
 .timescale 0 0;
    .port_info 0 /INPUT 8 "a"
    .port_info 1 /INPUT 8 "b"
    .port_info 2 /INPUT 1 "cin"
    .port_info 3 /OUTPUT 8 "sum"
    .port_info 4 /OUTPUT 1 "ca"
v0x558d03a05170_0 .net "a", 7 0, L_0x558d03a200a0;  1 drivers
v0x558d03a05270_0 .net "b", 7 0, L_0x558d03a20140;  1 drivers
v0x558d03a05350_0 .net "ca", 0 0, L_0x558d03a1f800;  alias, 1 drivers
v0x558d03a05440_0 .net "cin", 0 0, L_0x558d03a1ac10;  alias, 1 drivers
v0x558d03a054e0_0 .net "sum", 7 0, L_0x558d03a1ff60;  1 drivers
v0x558d03a055f0_0 .net "w", 0 0, L_0x558d03a1d4a0;  1 drivers
L_0x558d03a1da20 .part L_0x558d03a200a0, 0, 4;
L_0x558d03a1dac0 .part L_0x558d03a20140, 0, 4;
L_0x558d03a1fd80 .part L_0x558d03a200a0, 4, 4;
L_0x558d03a1fe70 .part L_0x558d03a20140, 4, 4;
L_0x558d03a1ff60 .concat8 [ 4 4 0 0], L_0x558d03a1d980, L_0x558d03a1fce0;
S_0x558d039fdf40 .scope module, "EA_0" "fourBitAdder" 7 13, 8 3 0, S_0x558d039fdcf0;
 .timescale 0 0;
    .port_info 0 /INPUT 4 "a"
    .port_info 1 /INPUT 4 "b"
    .port_info 2 /INPUT 1 "cin"
    .port_info 3 /OUTPUT 4 "sum"
    .port_info 4 /OUTPUT 1 "ca"
v0x558d03a01160_0 .net "a", 3 0, L_0x558d03a1da20;  1 drivers
v0x558d03a01260_0 .net "b", 3 0, L_0x558d03a1dac0;  1 drivers
v0x558d03a01340_0 .net "c1", 0 0, L_0x558d03a1bd40;  1 drivers
v0x558d03a013e0_0 .net "c2", 0 0, L_0x558d03a1c4c0;  1 drivers
v0x558d03a014d0_0 .net "c3", 0 0, L_0x558d03a1cce0;  1 drivers
v0x558d03a01610_0 .net "ca", 0 0, L_0x558d03a1d4a0;  alias, 1 drivers
v0x558d03a016b0_0 .net "cin", 0 0, L_0x558d03a1ac10;  alias, 1 drivers
v0x558d03a01750_0 .net "sum", 3 0, L_0x558d03a1d980;  1 drivers
L_0x558d03a1be50 .part L_0x558d03a1da20, 0, 1;
L_0x558d03a1bf80 .part L_0x558d03a1dac0, 0, 1;
L_0x558d03a1c5d0 .part L_0x558d03a1da20, 1, 1;
L_0x558d03a1c700 .part L_0x558d03a1dac0, 1, 1;
L_0x558d03a1cdf0 .part L_0x558d03a1da20, 2, 1;
L_0x558d03a1cf20 .part L_0x558d03a1dac0, 2, 1;
L_0x558d03a1d5b0 .part L_0x558d03a1da20, 3, 1;
L_0x558d03a1d770 .part L_0x558d03a1dac0, 3, 1;
L_0x558d03a1d980 .concat8 [ 1 1 1 1], L_0x558d03a1b980, L_0x558d03a1c120, L_0x558d03a1c8a0, L_0x558d03a1d100;
S_0x558d039fe1b0 .scope module, "FA_0" "fullAdder" 8 12, 9 1 0, S_0x558d039fdf40;
 .timescale 0 0;
    .port_info 0 /INPUT 1 "a"
    .port_info 1 /INPUT 1 "b"
    .port_info 2 /INPUT 1 "cin"
    .port_info 3 /OUTPUT 1 "sum"
    .port_info 4 /OUTPUT 1 "ca"
L_0x558d03a1b910 .functor XOR 1, L_0x558d03a1be50, L_0x558d03a1bf80, C4<0>, C4<0>;
L_0x558d03a1b980 .functor XOR 1, L_0x558d03a1b910, L_0x558d03a1ac10, C4<0>, C4<0>;
L_0x558d03a1ba40 .functor AND 1, L_0x558d03a1be50, L_0x558d03a1bf80, C4<1>, C4<1>;
L_0x558d03a1bb50 .functor AND 1, L_0x558d03a1be50, L_0x558d03a1ac10, C4<1>, C4<1>;
L_0x558d03a1bbc0 .functor OR 1, L_0x558d03a1ba40, L_0x558d03a1bb50, C4<0>, C4<0>;
L_0x558d03a1bcd0 .functor AND 1, L_0x558d03a1bf80, L_0x558d03a1ac10, C4<1>, C4<1>;
L_0x558d03a1bd40 .functor OR 1, L_0x558d03a1bbc0, L_0x558d03a1bcd0, C4<0>, C4<0>;
v0x558d039fe420_0 .net *"_s0", 0 0, L_0x558d03a1b910;  1 drivers
v0x558d039fe520_0 .net *"_s10", 0 0, L_0x558d03a1bcd0;  1 drivers
v0x558d039fe600_0 .net *"_s4", 0 0, L_0x558d03a1ba40;  1 drivers
v0x558d039fe6f0_0 .net *"_s6", 0 0, L_0x558d03a1bb50;  1 drivers
v0x558d039fe7d0_0 .net *"_s8", 0 0, L_0x558d03a1bbc0;  1 drivers
v0x558d039fe900_0 .net "a", 0 0, L_0x558d03a1be50;  1 drivers
v0x558d039fe9c0_0 .net "b", 0 0, L_0x558d03a1bf80;  1 drivers
v0x558d039fea80_0 .net "ca", 0 0, L_0x558d03a1bd40;  alias, 1 drivers
v0x558d039feb40_0 .net "cin", 0 0, L_0x558d03a1ac10;  alias, 1 drivers
v0x558d039fed00_0 .net "sum", 0 0, L_0x558d03a1b980;  1 drivers
S_0x558d039fee60 .scope module, "FA_1" "fullAdder" 8 13, 9 1 0, S_0x558d039fdf40;
 .timescale 0 0;
    .port_info 0 /INPUT 1 "a"
    .port_info 1 /INPUT 1 "b"
    .port_info 2 /INPUT 1 "cin"
    .port_info 3 /OUTPUT 1 "sum"
    .port_info 4 /OUTPUT 1 "ca"
L_0x558d03a1c0b0 .functor XOR 1, L_0x558d03a1c5d0, L_0x558d03a1c700, C4<0>, C4<0>;
L_0x558d03a1c120 .functor XOR 1, L_0x558d03a1c0b0, L_0x558d03a1bd40, C4<0>, C4<0>;
L_0x558d03a1c220 .functor AND 1, L_0x558d03a1c5d0, L_0x558d03a1c700, C4<1>, C4<1>;
L_0x558d03a1c290 .functor AND 1, L_0x558d03a1c5d0, L_0x558d03a1bd40, C4<1>, C4<1>;
L_0x558d03a1c300 .functor OR 1, L_0x558d03a1c220, L_0x558d03a1c290, C4<0>, C4<0>;
L_0x558d03a1c410 .functor AND 1, L_0x558d03a1c700, L_0x558d03a1bd40, C4<1>, C4<1>;
L_0x558d03a1c4c0 .functor OR 1, L_0x558d03a1c300, L_0x558d03a1c410, C4<0>, C4<0>;
v0x558d039ff080_0 .net *"_s0", 0 0, L_0x558d03a1c0b0;  1 drivers
v0x558d039ff160_0 .net *"_s10", 0 0, L_0x558d03a1c410;  1 drivers
v0x558d039ff240_0 .net *"_s4", 0 0, L_0x558d03a1c220;  1 drivers
v0x558d039ff330_0 .net *"_s6", 0 0, L_0x558d03a1c290;  1 drivers
v0x558d039ff410_0 .net *"_s8", 0 0, L_0x558d03a1c300;  1 drivers
v0x558d039ff4f0_0 .net "a", 0 0, L_0x558d03a1c5d0;  1 drivers
v0x558d039ff5b0_0 .net "b", 0 0, L_0x558d03a1c700;  1 drivers
v0x558d039ff670_0 .net "ca", 0 0, L_0x558d03a1c4c0;  alias, 1 drivers
v0x558d039ff730_0 .net "cin", 0 0, L_0x558d03a1bd40;  alias, 1 drivers
v0x558d039ff860_0 .net "sum", 0 0, L_0x558d03a1c120;  1 drivers
S_0x558d039ff9d0 .scope module, "FA_2" "fullAdder" 8 14, 9 1 0, S_0x558d039fdf40;
 .timescale 0 0;
    .port_info 0 /INPUT 1 "a"
    .port_info 1 /INPUT 1 "b"
    .port_info 2 /INPUT 1 "cin"
    .port_info 3 /OUTPUT 1 "sum"
    .port_info 4 /OUTPUT 1 "ca"
L_0x558d03a1c830 .functor XOR 1, L_0x558d03a1cdf0, L_0x558d03a1cf20, C4<0>, C4<0>;
L_0x558d03a1c8a0 .functor XOR 1, L_0x558d03a1c830, L_0x558d03a1c4c0, C4<0>, C4<0>;
L_0x558d03a1c9f0 .functor AND 1, L_0x558d03a1cdf0, L_0x558d03a1cf20, C4<1>, C4<1>;
L_0x558d03a1cab0 .functor AND 1, L_0x558d03a1cdf0, L_0x558d03a1c4c0, C4<1>, C4<1>;
L_0x558d03a1cb20 .functor OR 1, L_0x558d03a1c9f0, L_0x558d03a1cab0, C4<0>, C4<0>;
L_0x558d03a1cc30 .functor AND 1, L_0x558d03a1cf20, L_0x558d03a1c4c0, C4<1>, C4<1>;
L_0x558d03a1cce0 .functor OR 1, L_0x558d03a1cb20, L_0x558d03a1cc30, C4<0>, C4<0>;
v0x558d039ffc00_0 .net *"_s0", 0 0, L_0x558d03a1c830;  1 drivers
v0x558d039ffce0_0 .net *"_s10", 0 0, L_0x558d03a1cc30;  1 drivers
v0x558d039ffdc0_0 .net *"_s4", 0 0, L_0x558d03a1c9f0;  1 drivers
v0x558d039ffeb0_0 .net *"_s6", 0 0, L_0x558d03a1cab0;  1 drivers
v0x558d039fff90_0 .net *"_s8", 0 0, L_0x558d03a1cb20;  1 drivers
v0x558d03a000c0_0 .net "a", 0 0, L_0x558d03a1cdf0;  1 drivers
v0x558d03a00180_0 .net "b", 0 0, L_0x558d03a1cf20;  1 drivers
v0x558d03a00240_0 .net "ca", 0 0, L_0x558d03a1cce0;  alias, 1 drivers
v0x558d03a00300_0 .net "cin", 0 0, L_0x558d03a1c4c0;  alias, 1 drivers
v0x558d03a00430_0 .net "sum", 0 0, L_0x558d03a1c8a0;  1 drivers
S_0x558d03a005a0 .scope module, "FA_3" "fullAdder" 8 15, 9 1 0, S_0x558d039fdf40;
 .timescale 0 0;
    .port_info 0 /INPUT 1 "a"
    .port_info 1 /INPUT 1 "b"
    .port_info 2 /INPUT 1 "cin"
    .port_info 3 /OUTPUT 1 "sum"
    .port_info 4 /OUTPUT 1 "ca"
L_0x558d03a1d090 .functor XOR 1, L_0x558d03a1d5b0, L_0x558d03a1d770, C4<0>, C4<0>;
L_0x558d03a1d100 .functor XOR 1, L_0x558d03a1d090, L_0x558d03a1cce0, C4<0>, C4<0>;
L_0x558d03a1d200 .functor AND 1, L_0x558d03a1d5b0, L_0x558d03a1d770, C4<1>, C4<1>;
L_0x558d03a1d270 .functor AND 1, L_0x558d03a1d5b0, L_0x558d03a1cce0, C4<1>, C4<1>;
L_0x558d03a1d2e0 .functor OR 1, L_0x558d03a1d200, L_0x558d03a1d270, C4<0>, C4<0>;
L_0x558d03a1d3f0 .functor AND 1, L_0x558d03a1d770, L_0x558d03a1cce0, C4<1>, C4<1>;
L_0x558d03a1d4a0 .functor OR 1, L_0x558d03a1d2e0, L_0x558d03a1d3f0, C4<0>, C4<0>;
v0x558d03a007a0_0 .net *"_s0", 0 0, L_0x558d03a1d090;  1 drivers
v0x558d03a008a0_0 .net *"_s10", 0 0, L_0x558d03a1d3f0;  1 drivers
v0x558d03a00980_0 .net *"_s4", 0 0, L_0x558d03a1d200;  1 drivers
v0x558d03a00a70_0 .net *"_s6", 0 0, L_0x558d03a1d270;  1 drivers
v0x558d03a00b50_0 .net *"_s8", 0 0, L_0x558d03a1d2e0;  1 drivers
v0x558d03a00c80_0 .net "a", 0 0, L_0x558d03a1d5b0;  1 drivers
v0x558d03a00d40_0 .net "b", 0 0, L_0x558d03a1d770;  1 drivers
v0x558d03a00e00_0 .net "ca", 0 0, L_0x558d03a1d4a0;  alias, 1 drivers
v0x558d03a00ec0_0 .net "cin", 0 0, L_0x558d03a1cce0;  alias, 1 drivers
v0x558d03a00ff0_0 .net "sum", 0 0, L_0x558d03a1d100;  1 drivers
S_0x558d03a01890 .scope module, "EA_1" "fourBitAdder" 7 14, 8 3 0, S_0x558d039fdcf0;
 .timescale 0 0;
    .port_info 0 /INPUT 4 "a"
    .port_info 1 /INPUT 4 "b"
    .port_info 2 /INPUT 1 "cin"
    .port_info 3 /OUTPUT 4 "sum"
    .port_info 4 /OUTPUT 1 "ca"
v0x558d03a04a40_0 .net "a", 3 0, L_0x558d03a1fd80;  1 drivers
v0x558d03a04b40_0 .net "b", 3 0, L_0x558d03a1fe70;  1 drivers
v0x558d03a04c20_0 .net "c1", 0 0, L_0x558d03a1e0a0;  1 drivers
v0x558d03a04cc0_0 .net "c2", 0 0, L_0x558d03a1e7c0;  1 drivers
v0x558d03a04db0_0 .net "c3", 0 0, L_0x558d03a1f040;  1 drivers
v0x558d03a04ef0_0 .net "ca", 0 0, L_0x558d03a1f800;  alias, 1 drivers
v0x558d03a04f90_0 .net "cin", 0 0, L_0x558d03a1d4a0;  alias, 1 drivers
v0x558d03a05030_0 .net "sum", 3 0, L_0x558d03a1fce0;  1 drivers
L_0x558d03a1e1b0 .part L_0x558d03a1fd80, 0, 1;
L_0x558d03a1e250 .part L_0x558d03a1fe70, 0, 1;
L_0x558d03a1e8d0 .part L_0x558d03a1fd80, 1, 1;
L_0x558d03a1ea00 .part L_0x558d03a1fe70, 1, 1;
L_0x558d03a1f150 .part L_0x558d03a1fd80, 2, 1;
L_0x558d03a1f280 .part L_0x558d03a1fe70, 2, 1;
L_0x558d03a1f910 .part L_0x558d03a1fd80, 3, 1;
L_0x558d03a1fad0 .part L_0x558d03a1fe70, 3, 1;
L_0x558d03a1fce0 .concat8 [ 1 1 1 1], L_0x558d03a1dbd0, L_0x558d03a1e3f0, L_0x558d03a1ebd0, L_0x558d03a1f460;
S_0x558d03a01b00 .scope module, "FA_0" "fullAdder" 8 12, 9 1 0, S_0x558d03a01890;
 .timescale 0 0;
    .port_info 0 /INPUT 1 "a"
    .port_info 1 /INPUT 1 "b"
    .port_info 2 /INPUT 1 "cin"
    .port_info 3 /OUTPUT 1 "sum"
    .port_info 4 /OUTPUT 1 "ca"
L_0x558d03a1db60 .functor XOR 1, L_0x558d03a1e1b0, L_0x558d03a1e250, C4<0>, C4<0>;
L_0x558d03a1dbd0 .functor XOR 1, L_0x558d03a1db60, L_0x558d03a1d4a0, C4<0>, C4<0>;
L_0x558d03a1dc90 .functor AND 1, L_0x558d03a1e1b0, L_0x558d03a1e250, C4<1>, C4<1>;
L_0x558d03a1dda0 .functor AND 1, L_0x558d03a1e1b0, L_0x558d03a1d4a0, C4<1>, C4<1>;
L_0x558d03a1de10 .functor OR 1, L_0x558d03a1dc90, L_0x558d03a1dda0, C4<0>, C4<0>;
L_0x558d03a1df20 .functor AND 1, L_0x558d03a1e250, L_0x558d03a1d4a0, C4<1>, C4<1>;
L_0x558d03a1e0a0 .functor OR 1, L_0x558d03a1de10, L_0x558d03a1df20, C4<0>, C4<0>;
v0x558d03a01d50_0 .net *"_s0", 0 0, L_0x558d03a1db60;  1 drivers
v0x558d03a01e50_0 .net *"_s10", 0 0, L_0x558d03a1df20;  1 drivers
v0x558d03a01f30_0 .net *"_s4", 0 0, L_0x558d03a1dc90;  1 drivers
v0x558d03a01ff0_0 .net *"_s6", 0 0, L_0x558d03a1dda0;  1 drivers
v0x558d03a020d0_0 .net *"_s8", 0 0, L_0x558d03a1de10;  1 drivers
v0x558d03a02200_0 .net "a", 0 0, L_0x558d03a1e1b0;  1 drivers
v0x558d03a022c0_0 .net "b", 0 0, L_0x558d03a1e250;  1 drivers
v0x558d03a02380_0 .net "ca", 0 0, L_0x558d03a1e0a0;  alias, 1 drivers
v0x558d03a02440_0 .net "cin", 0 0, L_0x558d03a1d4a0;  alias, 1 drivers
v0x558d03a02570_0 .net "sum", 0 0, L_0x558d03a1dbd0;  1 drivers
S_0x558d03a026d0 .scope module, "FA_1" "fullAdder" 8 13, 9 1 0, S_0x558d03a01890;
 .timescale 0 0;
    .port_info 0 /INPUT 1 "a"
    .port_info 1 /INPUT 1 "b"
    .port_info 2 /INPUT 1 "cin"
    .port_info 3 /OUTPUT 1 "sum"
    .port_info 4 /OUTPUT 1 "ca"
L_0x558d03a1e380 .functor XOR 1, L_0x558d03a1e8d0, L_0x558d03a1ea00, C4<0>, C4<0>;
L_0x558d03a1e3f0 .functor XOR 1, L_0x558d03a1e380, L_0x558d03a1e0a0, C4<0>, C4<0>;
L_0x558d03a1e4f0 .functor AND 1, L_0x558d03a1e8d0, L_0x558d03a1ea00, C4<1>, C4<1>;
L_0x558d03a1e560 .functor AND 1, L_0x558d03a1e8d0, L_0x558d03a1e0a0, C4<1>, C4<1>;
L_0x558d03a1e600 .functor OR 1, L_0x558d03a1e4f0, L_0x558d03a1e560, C4<0>, C4<0>;
L_0x558d03a1e710 .functor AND 1, L_0x558d03a1ea00, L_0x558d03a1e0a0, C4<1>, C4<1>;
L_0x558d03a1e7c0 .functor OR 1, L_0x558d03a1e600, L_0x558d03a1e710, C4<0>, C4<0>;
v0x558d03a02940_0 .net *"_s0", 0 0, L_0x558d03a1e380;  1 drivers
v0x558d03a02a20_0 .net *"_s10", 0 0, L_0x558d03a1e710;  1 drivers
v0x558d03a02b00_0 .net *"_s4", 0 0, L_0x558d03a1e4f0;  1 drivers
v0x558d03a02bc0_0 .net *"_s6", 0 0, L_0x558d03a1e560;  1 drivers
v0x558d03a02ca0_0 .net *"_s8", 0 0, L_0x558d03a1e600;  1 drivers
v0x558d03a02dd0_0 .net "a", 0 0, L_0x558d03a1e8d0;  1 drivers
v0x558d03a02e90_0 .net "b", 0 0, L_0x558d03a1ea00;  1 drivers
v0x558d03a02f50_0 .net "ca", 0 0, L_0x558d03a1e7c0;  alias, 1 drivers
v0x558d03a03010_0 .net "cin", 0 0, L_0x558d03a1e0a0;  alias, 1 drivers
v0x558d03a03140_0 .net "sum", 0 0, L_0x558d03a1e3f0;  1 drivers
S_0x558d03a032b0 .scope module, "FA_2" "fullAdder" 8 14, 9 1 0, S_0x558d03a01890;
 .timescale 0 0;
    .port_info 0 /INPUT 1 "a"
    .port_info 1 /INPUT 1 "b"
    .port_info 2 /INPUT 1 "cin"
    .port_info 3 /OUTPUT 1 "sum"
    .port_info 4 /OUTPUT 1 "ca"
L_0x558d03a1eb60 .functor XOR 1, L_0x558d03a1f150, L_0x558d03a1f280, C4<0>, C4<0>;
L_0x558d03a1ebd0 .functor XOR 1, L_0x558d03a1eb60, L_0x558d03a1e7c0, C4<0>, C4<0>;
L_0x558d03a1ed20 .functor AND 1, L_0x558d03a1f150, L_0x558d03a1f280, C4<1>, C4<1>;
L_0x558d03a1ede0 .functor AND 1, L_0x558d03a1f150, L_0x558d03a1e7c0, C4<1>, C4<1>;
L_0x558d03a1ee80 .functor OR 1, L_0x558d03a1ed20, L_0x558d03a1ede0, C4<0>, C4<0>;
L_0x558d03a1ef90 .functor AND 1, L_0x558d03a1f280, L_0x558d03a1e7c0, C4<1>, C4<1>;
L_0x558d03a1f040 .functor OR 1, L_0x558d03a1ee80, L_0x558d03a1ef90, C4<0>, C4<0>;
v0x558d03a034e0_0 .net *"_s0", 0 0, L_0x558d03a1eb60;  1 drivers
v0x558d03a035c0_0 .net *"_s10", 0 0, L_0x558d03a1ef90;  1 drivers
v0x558d03a036a0_0 .net *"_s4", 0 0, L_0x558d03a1ed20;  1 drivers
v0x558d03a03790_0 .net *"_s6", 0 0, L_0x558d03a1ede0;  1 drivers
v0x558d03a03870_0 .net *"_s8", 0 0, L_0x558d03a1ee80;  1 drivers
v0x558d03a039a0_0 .net "a", 0 0, L_0x558d03a1f150;  1 drivers
v0x558d03a03a60_0 .net "b", 0 0, L_0x558d03a1f280;  1 drivers
v0x558d03a03b20_0 .net "ca", 0 0, L_0x558d03a1f040;  alias, 1 drivers
v0x558d03a03be0_0 .net "cin", 0 0, L_0x558d03a1e7c0;  alias, 1 drivers
v0x558d03a03d10_0 .net "sum", 0 0, L_0x558d03a1ebd0;  1 drivers
S_0x558d03a03e80 .scope module, "FA_3" "fullAdder" 8 15, 9 1 0, S_0x558d03a01890;
 .timescale 0 0;
    .port_info 0 /INPUT 1 "a"
    .port_info 1 /INPUT 1 "b"
    .port_info 2 /INPUT 1 "cin"
    .port_info 3 /OUTPUT 1 "sum"
    .port_info 4 /OUTPUT 1 "ca"
L_0x558d03a1f3f0 .functor XOR 1, L_0x558d03a1f910, L_0x558d03a1fad0, C4<0>, C4<0>;
L_0x558d03a1f460 .functor XOR 1, L_0x558d03a1f3f0, L_0x558d03a1f040, C4<0>, C4<0>;
L_0x558d03a1f560 .functor AND 1, L_0x558d03a1f910, L_0x558d03a1fad0, C4<1>, C4<1>;
L_0x558d03a1f5d0 .functor AND 1, L_0x558d03a1f910, L_0x558d03a1f040, C4<1>, C4<1>;
L_0x558d03a1f640 .functor OR 1, L_0x558d03a1f560, L_0x558d03a1f5d0, C4<0>, C4<0>;
L_0x558d03a1f750 .functor AND 1, L_0x558d03a1fad0, L_0x558d03a1f040, C4<1>, C4<1>;
L_0x558d03a1f800 .functor OR 1, L_0x558d03a1f640, L_0x558d03a1f750, C4<0>, C4<0>;
v0x558d03a04080_0 .net *"_s0", 0 0, L_0x558d03a1f3f0;  1 drivers
v0x558d03a04180_0 .net *"_s10", 0 0, L_0x558d03a1f750;  1 drivers
v0x558d03a04260_0 .net *"_s4", 0 0, L_0x558d03a1f560;  1 drivers
v0x558d03a04350_0 .net *"_s6", 0 0, L_0x558d03a1f5d0;  1 drivers
v0x558d03a04430_0 .net *"_s8", 0 0, L_0x558d03a1f640;  1 drivers
v0x558d03a04560_0 .net "a", 0 0, L_0x558d03a1f910;  1 drivers
v0x558d03a04620_0 .net "b", 0 0, L_0x558d03a1fad0;  1 drivers
v0x558d03a046e0_0 .net "ca", 0 0, L_0x558d03a1f800;  alias, 1 drivers
v0x558d03a047a0_0 .net "cin", 0 0, L_0x558d03a1f040;  alias, 1 drivers
v0x558d03a048d0_0 .net "sum", 0 0, L_0x558d03a1f460;  1 drivers
S_0x558d03a057c0 .scope module, "SA_1" "eightBitAdder" 6 13, 7 3 0, S_0x558d039fda80;
 .timescale 0 0;
    .port_info 0 /INPUT 8 "a"
    .port_info 1 /INPUT 8 "b"
    .port_info 2 /INPUT 1 "cin"
    .port_info 3 /OUTPUT 8 "sum"
    .port_info 4 /OUTPUT 1 "ca"
v0x558d03a0cbc0_0 .net "a", 7 0, L_0x558d03a24a80;  1 drivers
v0x558d03a0ccc0_0 .net "b", 7 0, L_0x558d03a24b70;  1 drivers
v0x558d03a0cda0_0 .net "ca", 0 0, L_0x558d03a241e0;  alias, 1 drivers
v0x558d03a0ce90_0 .net "cin", 0 0, L_0x558d03a1f800;  alias, 1 drivers
v0x558d03a0cf30_0 .net "sum", 7 0, L_0x558d03a24940;  1 drivers
v0x558d03a0d040_0 .net "w", 0 0, L_0x558d03a21e50;  1 drivers
L_0x558d03a223d0 .part L_0x558d03a24a80, 0, 4;
L_0x558d03a22470 .part L_0x558d03a24b70, 0, 4;
L_0x558d03a24760 .part L_0x558d03a24a80, 4, 4;
L_0x558d03a24850 .part L_0x558d03a24b70, 4, 4;
L_0x558d03a24940 .concat8 [ 4 4 0 0], L_0x558d03a22330, L_0x558d03a246c0;
S_0x558d03a059e0 .scope module, "EA_0" "fourBitAdder" 7 13, 8 3 0, S_0x558d03a057c0;
 .timescale 0 0;
    .port_info 0 /INPUT 4 "a"
    .port_info 1 /INPUT 4 "b"
    .port_info 2 /INPUT 1 "cin"
    .port_info 3 /OUTPUT 4 "sum"
    .port_info 4 /OUTPUT 1 "ca"
v0x558d03a08b70_0 .net "a", 3 0, L_0x558d03a223d0;  1 drivers
v0x558d03a08c70_0 .net "b", 3 0, L_0x558d03a22470;  1 drivers
v0x558d03a08d50_0 .net "c1", 0 0, L_0x558d03a20720;  1 drivers
v0x558d03a08df0_0 .net "c2", 0 0, L_0x558d03a20e10;  1 drivers
v0x558d03a08ee0_0 .net "c3", 0 0, L_0x558d03a21690;  1 drivers
v0x558d03a09020_0 .net "ca", 0 0, L_0x558d03a21e50;  alias, 1 drivers
v0x558d03a090c0_0 .net "cin", 0 0, L_0x558d03a1f800;  alias, 1 drivers
v0x558d03a091f0_0 .net "sum", 3 0, L_0x558d03a22330;  1 drivers
L_0x558d03a20830 .part L_0x558d03a223d0, 0, 1;
L_0x558d03a208d0 .part L_0x558d03a22470, 0, 1;
L_0x558d03a20f20 .part L_0x558d03a223d0, 1, 1;
L_0x558d03a21050 .part L_0x558d03a22470, 1, 1;
L_0x558d03a217a0 .part L_0x558d03a223d0, 2, 1;
L_0x558d03a218d0 .part L_0x558d03a22470, 2, 1;
L_0x558d03a21f60 .part L_0x558d03a223d0, 3, 1;
L_0x558d03a22120 .part L_0x558d03a22470, 3, 1;
L_0x558d03a22330 .concat8 [ 1 1 1 1], L_0x558d03a20250, L_0x558d03a20a70, L_0x558d03a21220, L_0x558d03a21ab0;
S_0x558d03a05c30 .scope module, "FA_0" "fullAdder" 8 12, 9 1 0, S_0x558d03a059e0;
 .timescale 0 0;
    .port_info 0 /INPUT 1 "a"
    .port_info 1 /INPUT 1 "b"
    .port_info 2 /INPUT 1 "cin"
    .port_info 3 /OUTPUT 1 "sum"
    .port_info 4 /OUTPUT 1 "ca"
L_0x558d03a201e0 .functor XOR 1, L_0x558d03a20830, L_0x558d03a208d0, C4<0>, C4<0>;
L_0x558d03a20250 .functor XOR 1, L_0x558d03a201e0, L_0x558d03a1f800, C4<0>, C4<0>;
L_0x558d03a20420 .functor AND 1, L_0x558d03a20830, L_0x558d03a208d0, C4<1>, C4<1>;
L_0x558d03a20530 .functor AND 1, L_0x558d03a20830, L_0x558d03a1f800, C4<1>, C4<1>;
L_0x558d03a205a0 .functor OR 1, L_0x558d03a20420, L_0x558d03a20530, C4<0>, C4<0>;
L_0x558d03a206b0 .functor AND 1, L_0x558d03a208d0, L_0x558d03a1f800, C4<1>, C4<1>;
L_0x558d03a20720 .functor OR 1, L_0x558d03a205a0, L_0x558d03a206b0, C4<0>, C4<0>;
v0x558d03a05ea0_0 .net *"_s0", 0 0, L_0x558d03a201e0;  1 drivers
v0x558d03a05fa0_0 .net *"_s10", 0 0, L_0x558d03a206b0;  1 drivers
v0x558d03a06080_0 .net *"_s4", 0 0, L_0x558d03a20420;  1 drivers
v0x558d03a06140_0 .net *"_s6", 0 0, L_0x558d03a20530;  1 drivers
v0x558d03a06220_0 .net *"_s8", 0 0, L_0x558d03a205a0;  1 drivers
v0x558d03a06350_0 .net "a", 0 0, L_0x558d03a20830;  1 drivers
v0x558d03a06410_0 .net "b", 0 0, L_0x558d03a208d0;  1 drivers
v0x558d03a064d0_0 .net "ca", 0 0, L_0x558d03a20720;  alias, 1 drivers
v0x558d03a06590_0 .net "cin", 0 0, L_0x558d03a1f800;  alias, 1 drivers
v0x558d03a066c0_0 .net "sum", 0 0, L_0x558d03a20250;  1 drivers
S_0x558d03a06820 .scope module, "FA_1" "fullAdder" 8 13, 9 1 0, S_0x558d03a059e0;
 .timescale 0 0;
    .port_info 0 /INPUT 1 "a"
    .port_info 1 /INPUT 1 "b"
    .port_info 2 /INPUT 1 "cin"
    .port_info 3 /OUTPUT 1 "sum"
    .port_info 4 /OUTPUT 1 "ca"
L_0x558d03a20a00 .functor XOR 1, L_0x558d03a20f20, L_0x558d03a21050, C4<0>, C4<0>;
L_0x558d03a20a70 .functor XOR 1, L_0x558d03a20a00, L_0x558d03a20720, C4<0>, C4<0>;
L_0x558d03a20b70 .functor AND 1, L_0x558d03a20f20, L_0x558d03a21050, C4<1>, C4<1>;
L_0x558d03a20be0 .functor AND 1, L_0x558d03a20f20, L_0x558d03a20720, C4<1>, C4<1>;
L_0x558d03a20c50 .functor OR 1, L_0x558d03a20b70, L_0x558d03a20be0, C4<0>, C4<0>;
L_0x558d03a20d60 .functor AND 1, L_0x558d03a21050, L_0x558d03a20720, C4<1>, C4<1>;
L_0x558d03a20e10 .functor OR 1, L_0x558d03a20c50, L_0x558d03a20d60, C4<0>, C4<0>;
v0x558d03a06a40_0 .net *"_s0", 0 0, L_0x558d03a20a00;  1 drivers
v0x558d03a06b20_0 .net *"_s10", 0 0, L_0x558d03a20d60;  1 drivers
v0x558d03a06c00_0 .net *"_s4", 0 0, L_0x558d03a20b70;  1 drivers
v0x558d03a06cf0_0 .net *"_s6", 0 0, L_0x558d03a20be0;  1 drivers
v0x558d03a06dd0_0 .net *"_s8", 0 0, L_0x558d03a20c50;  1 drivers
v0x558d03a06f00_0 .net "a", 0 0, L_0x558d03a20f20;  1 drivers
v0x558d03a06fc0_0 .net "b", 0 0, L_0x558d03a21050;  1 drivers
v0x558d03a07080_0 .net "ca", 0 0, L_0x558d03a20e10;  alias, 1 drivers
v0x558d03a07140_0 .net "cin", 0 0, L_0x558d03a20720;  alias, 1 drivers
v0x558d03a07270_0 .net "sum", 0 0, L_0x558d03a20a70;  1 drivers
S_0x558d03a073e0 .scope module, "FA_2" "fullAdder" 8 14, 9 1 0, S_0x558d03a059e0;
 .timescale 0 0;
    .port_info 0 /INPUT 1 "a"
    .port_info 1 /INPUT 1 "b"
    .port_info 2 /INPUT 1 "cin"
    .port_info 3 /OUTPUT 1 "sum"
    .port_info 4 /OUTPUT 1 "ca"
L_0x558d03a211b0 .functor XOR 1, L_0x558d03a217a0, L_0x558d03a218d0, C4<0>, C4<0>;
L_0x558d03a21220 .functor XOR 1, L_0x558d03a211b0, L_0x558d03a20e10, C4<0>, C4<0>;
L_0x558d03a21370 .functor AND 1, L_0x558d03a217a0, L_0x558d03a218d0, C4<1>, C4<1>;
L_0x558d03a21430 .functor AND 1, L_0x558d03a217a0, L_0x558d03a20e10, C4<1>, C4<1>;
L_0x558d03a214d0 .functor OR 1, L_0x558d03a21370, L_0x558d03a21430, C4<0>, C4<0>;
L_0x558d03a215e0 .functor AND 1, L_0x558d03a218d0, L_0x558d03a20e10, C4<1>, C4<1>;
L_0x558d03a21690 .functor OR 1, L_0x558d03a214d0, L_0x558d03a215e0, C4<0>, C4<0>;
v0x558d03a07610_0 .net *"_s0", 0 0, L_0x558d03a211b0;  1 drivers
v0x558d03a076f0_0 .net *"_s10", 0 0, L_0x558d03a215e0;  1 drivers
v0x558d03a077d0_0 .net *"_s4", 0 0, L_0x558d03a21370;  1 drivers
v0x558d03a078c0_0 .net *"_s6", 0 0, L_0x558d03a21430;  1 drivers
v0x558d03a079a0_0 .net *"_s8", 0 0, L_0x558d03a214d0;  1 drivers
v0x558d03a07ad0_0 .net "a", 0 0, L_0x558d03a217a0;  1 drivers
v0x558d03a07b90_0 .net "b", 0 0, L_0x558d03a218d0;  1 drivers
v0x558d03a07c50_0 .net "ca", 0 0, L_0x558d03a21690;  alias, 1 drivers
v0x558d03a07d10_0 .net "cin", 0 0, L_0x558d03a20e10;  alias, 1 drivers
v0x558d03a07e40_0 .net "sum", 0 0, L_0x558d03a21220;  1 drivers
S_0x558d03a07fb0 .scope module, "FA_3" "fullAdder" 8 15, 9 1 0, S_0x558d03a059e0;
 .timescale 0 0;
    .port_info 0 /INPUT 1 "a"
    .port_info 1 /INPUT 1 "b"
    .port_info 2 /INPUT 1 "cin"
    .port_info 3 /OUTPUT 1 "sum"
    .port_info 4 /OUTPUT 1 "ca"
L_0x558d03a21a40 .functor XOR 1, L_0x558d03a21f60, L_0x558d03a22120, C4<0>, C4<0>;
L_0x558d03a21ab0 .functor XOR 1, L_0x558d03a21a40, L_0x558d03a21690, C4<0>, C4<0>;
L_0x558d03a21bb0 .functor AND 1, L_0x558d03a21f60, L_0x558d03a22120, C4<1>, C4<1>;
L_0x558d03a21c20 .functor AND 1, L_0x558d03a21f60, L_0x558d03a21690, C4<1>, C4<1>;
L_0x558d03a21c90 .functor OR 1, L_0x558d03a21bb0, L_0x558d03a21c20, C4<0>, C4<0>;
L_0x558d03a21da0 .functor AND 1, L_0x558d03a22120, L_0x558d03a21690, C4<1>, C4<1>;
L_0x558d03a21e50 .functor OR 1, L_0x558d03a21c90, L_0x558d03a21da0, C4<0>, C4<0>;
v0x558d03a081b0_0 .net *"_s0", 0 0, L_0x558d03a21a40;  1 drivers
v0x558d03a082b0_0 .net *"_s10", 0 0, L_0x558d03a21da0;  1 drivers
v0x558d03a08390_0 .net *"_s4", 0 0, L_0x558d03a21bb0;  1 drivers
v0x558d03a08480_0 .net *"_s6", 0 0, L_0x558d03a21c20;  1 drivers
v0x558d03a08560_0 .net *"_s8", 0 0, L_0x558d03a21c90;  1 drivers
v0x558d03a08690_0 .net "a", 0 0, L_0x558d03a21f60;  1 drivers
v0x558d03a08750_0 .net "b", 0 0, L_0x558d03a22120;  1 drivers
v0x558d03a08810_0 .net "ca", 0 0, L_0x558d03a21e50;  alias, 1 drivers
v0x558d03a088d0_0 .net "cin", 0 0, L_0x558d03a21690;  alias, 1 drivers
v0x558d03a08a00_0 .net "sum", 0 0, L_0x558d03a21ab0;  1 drivers
S_0x558d03a09330 .scope module, "EA_1" "fourBitAdder" 7 14, 8 3 0, S_0x558d03a057c0;
 .timescale 0 0;
    .port_info 0 /INPUT 4 "a"
    .port_info 1 /INPUT 4 "b"
    .port_info 2 /INPUT 1 "cin"
    .port_info 3 /OUTPUT 4 "sum"
    .port_info 4 /OUTPUT 1 "ca"
v0x558d03a0c490_0 .net "a", 3 0, L_0x558d03a24760;  1 drivers
v0x558d03a0c590_0 .net "b", 3 0, L_0x558d03a24850;  1 drivers
v0x558d03a0c670_0 .net "c1", 0 0, L_0x558d03a22a50;  1 drivers
v0x558d03a0c710_0 .net "c2", 0 0, L_0x558d03a23170;  1 drivers
v0x558d03a0c800_0 .net "c3", 0 0, L_0x558d03a239f0;  1 drivers
v0x558d03a0c940_0 .net "ca", 0 0, L_0x558d03a241e0;  alias, 1 drivers
v0x558d03a0c9e0_0 .net "cin", 0 0, L_0x558d03a21e50;  alias, 1 drivers
v0x558d03a0ca80_0 .net "sum", 3 0, L_0x558d03a246c0;  1 drivers
L_0x558d03a22b60 .part L_0x558d03a24760, 0, 1;
L_0x558d03a22c00 .part L_0x558d03a24850, 0, 1;
L_0x558d03a23280 .part L_0x558d03a24760, 1, 1;
L_0x558d03a233b0 .part L_0x558d03a24850, 1, 1;
L_0x558d03a23b00 .part L_0x558d03a24760, 2, 1;
L_0x558d03a23c30 .part L_0x558d03a24850, 2, 1;
L_0x558d03a242f0 .part L_0x558d03a24760, 3, 1;
L_0x558d03a244b0 .part L_0x558d03a24850, 3, 1;
L_0x558d03a246c0 .concat8 [ 1 1 1 1], L_0x558d03a22580, L_0x558d03a22da0, L_0x558d03a23580, L_0x558d03a23e10;
S_0x558d03a09550 .scope module, "FA_0" "fullAdder" 8 12, 9 1 0, S_0x558d03a09330;
 .timescale 0 0;
    .port_info 0 /INPUT 1 "a"
    .port_info 1 /INPUT 1 "b"
    .port_info 2 /INPUT 1 "cin"
    .port_info 3 /OUTPUT 1 "sum"
    .port_info 4 /OUTPUT 1 "ca"
L_0x558d03a22510 .functor XOR 1, L_0x558d03a22b60, L_0x558d03a22c00, C4<0>, C4<0>;
L_0x558d03a22580 .functor XOR 1, L_0x558d03a22510, L_0x558d03a21e50, C4<0>, C4<0>;
L_0x558d03a22640 .functor AND 1, L_0x558d03a22b60, L_0x558d03a22c00, C4<1>, C4<1>;
L_0x558d03a22750 .functor AND 1, L_0x558d03a22b60, L_0x558d03a21e50, C4<1>, C4<1>;
L_0x558d03a227c0 .functor OR 1, L_0x558d03a22640, L_0x558d03a22750, C4<0>, C4<0>;
L_0x558d03a228d0 .functor AND 1, L_0x558d03a22c00, L_0x558d03a21e50, C4<1>, C4<1>;
L_0x558d03a22a50 .functor OR 1, L_0x558d03a227c0, L_0x558d03a228d0, C4<0>, C4<0>;
v0x558d03a097a0_0 .net *"_s0", 0 0, L_0x558d03a22510;  1 drivers
v0x558d03a098a0_0 .net *"_s10", 0 0, L_0x558d03a228d0;  1 drivers
v0x558d03a09980_0 .net *"_s4", 0 0, L_0x558d03a22640;  1 drivers
v0x558d03a09a40_0 .net *"_s6", 0 0, L_0x558d03a22750;  1 drivers
v0x558d03a09b20_0 .net *"_s8", 0 0, L_0x558d03a227c0;  1 drivers
v0x558d03a09c50_0 .net "a", 0 0, L_0x558d03a22b60;  1 drivers
v0x558d03a09d10_0 .net "b", 0 0, L_0x558d03a22c00;  1 drivers
v0x558d03a09dd0_0 .net "ca", 0 0, L_0x558d03a22a50;  alias, 1 drivers
v0x558d03a09e90_0 .net "cin", 0 0, L_0x558d03a21e50;  alias, 1 drivers
v0x558d03a09fc0_0 .net "sum", 0 0, L_0x558d03a22580;  1 drivers
S_0x558d03a0a120 .scope module, "FA_1" "fullAdder" 8 13, 9 1 0, S_0x558d03a09330;
 .timescale 0 0;
    .port_info 0 /INPUT 1 "a"
    .port_info 1 /INPUT 1 "b"
    .port_info 2 /INPUT 1 "cin"
    .port_info 3 /OUTPUT 1 "sum"
    .port_info 4 /OUTPUT 1 "ca"
L_0x558d03a22d30 .functor XOR 1, L_0x558d03a23280, L_0x558d03a233b0, C4<0>, C4<0>;
L_0x558d03a22da0 .functor XOR 1, L_0x558d03a22d30, L_0x558d03a22a50, C4<0>, C4<0>;
L_0x558d03a22ea0 .functor AND 1, L_0x558d03a23280, L_0x558d03a233b0, C4<1>, C4<1>;
L_0x558d03a22f10 .functor AND 1, L_0x558d03a23280, L_0x558d03a22a50, C4<1>, C4<1>;
L_0x558d03a22fb0 .functor OR 1, L_0x558d03a22ea0, L_0x558d03a22f10, C4<0>, C4<0>;
L_0x558d03a230c0 .functor AND 1, L_0x558d03a233b0, L_0x558d03a22a50, C4<1>, C4<1>;
L_0x558d03a23170 .functor OR 1, L_0x558d03a22fb0, L_0x558d03a230c0, C4<0>, C4<0>;
v0x558d03a0a390_0 .net *"_s0", 0 0, L_0x558d03a22d30;  1 drivers
v0x558d03a0a470_0 .net *"_s10", 0 0, L_0x558d03a230c0;  1 drivers
v0x558d03a0a550_0 .net *"_s4", 0 0, L_0x558d03a22ea0;  1 drivers
v0x558d03a0a610_0 .net *"_s6", 0 0, L_0x558d03a22f10;  1 drivers
v0x558d03a0a6f0_0 .net *"_s8", 0 0, L_0x558d03a22fb0;  1 drivers
v0x558d03a0a820_0 .net "a", 0 0, L_0x558d03a23280;  1 drivers
v0x558d03a0a8e0_0 .net "b", 0 0, L_0x558d03a233b0;  1 drivers
v0x558d03a0a9a0_0 .net "ca", 0 0, L_0x558d03a23170;  alias, 1 drivers
v0x558d03a0aa60_0 .net "cin", 0 0, L_0x558d03a22a50;  alias, 1 drivers
v0x558d03a0ab90_0 .net "sum", 0 0, L_0x558d03a22da0;  1 drivers
S_0x558d03a0ad00 .scope module, "FA_2" "fullAdder" 8 14, 9 1 0, S_0x558d03a09330;
 .timescale 0 0;
    .port_info 0 /INPUT 1 "a"
    .port_info 1 /INPUT 1 "b"
    .port_info 2 /INPUT 1 "cin"
    .port_info 3 /OUTPUT 1 "sum"
    .port_info 4 /OUTPUT 1 "ca"
L_0x558d03a23510 .functor XOR 1, L_0x558d03a23b00, L_0x558d03a23c30, C4<0>, C4<0>;
L_0x558d03a23580 .functor XOR 1, L_0x558d03a23510, L_0x558d03a23170, C4<0>, C4<0>;
L_0x558d03a236d0 .functor AND 1, L_0x558d03a23b00, L_0x558d03a23c30, C4<1>, C4<1>;
L_0x558d03a23790 .functor AND 1, L_0x558d03a23b00, L_0x558d03a23170, C4<1>, C4<1>;
L_0x558d03a23830 .functor OR 1, L_0x558d03a236d0, L_0x558d03a23790, C4<0>, C4<0>;
L_0x558d03a23940 .functor AND 1, L_0x558d03a23c30, L_0x558d03a23170, C4<1>, C4<1>;
L_0x558d03a239f0 .functor OR 1, L_0x558d03a23830, L_0x558d03a23940, C4<0>, C4<0>;
v0x558d03a0af30_0 .net *"_s0", 0 0, L_0x558d03a23510;  1 drivers
v0x558d03a0b010_0 .net *"_s10", 0 0, L_0x558d03a23940;  1 drivers
v0x558d03a0b0f0_0 .net *"_s4", 0 0, L_0x558d03a236d0;  1 drivers
v0x558d03a0b1e0_0 .net *"_s6", 0 0, L_0x558d03a23790;  1 drivers
v0x558d03a0b2c0_0 .net *"_s8", 0 0, L_0x558d03a23830;  1 drivers
v0x558d03a0b3f0_0 .net "a", 0 0, L_0x558d03a23b00;  1 drivers
v0x558d03a0b4b0_0 .net "b", 0 0, L_0x558d03a23c30;  1 drivers
v0x558d03a0b570_0 .net "ca", 0 0, L_0x558d03a239f0;  alias, 1 drivers
v0x558d03a0b630_0 .net "cin", 0 0, L_0x558d03a23170;  alias, 1 drivers
v0x558d03a0b760_0 .net "sum", 0 0, L_0x558d03a23580;  1 drivers
S_0x558d03a0b8d0 .scope module, "FA_3" "fullAdder" 8 15, 9 1 0, S_0x558d03a09330;
 .timescale 0 0;
    .port_info 0 /INPUT 1 "a"
    .port_info 1 /INPUT 1 "b"
    .port_info 2 /INPUT 1 "cin"
    .port_info 3 /OUTPUT 1 "sum"
    .port_info 4 /OUTPUT 1 "ca"
L_0x558d03a23da0 .functor XOR 1, L_0x558d03a242f0, L_0x558d03a244b0, C4<0>, C4<0>;
L_0x558d03a23e10 .functor XOR 1, L_0x558d03a23da0, L_0x558d03a239f0, C4<0>, C4<0>;
L_0x558d03a23f10 .functor AND 1, L_0x558d03a242f0, L_0x558d03a244b0, C4<1>, C4<1>;
L_0x558d03a23f80 .functor AND 1, L_0x558d03a242f0, L_0x558d03a239f0, C4<1>, C4<1>;
L_0x558d03a24020 .functor OR 1, L_0x558d03a23f10, L_0x558d03a23f80, C4<0>, C4<0>;
L_0x558d03a24130 .functor AND 1, L_0x558d03a244b0, L_0x558d03a239f0, C4<1>, C4<1>;
L_0x558d03a241e0 .functor OR 1, L_0x558d03a24020, L_0x558d03a24130, C4<0>, C4<0>;
v0x558d03a0bad0_0 .net *"_s0", 0 0, L_0x558d03a23da0;  1 drivers
v0x558d03a0bbd0_0 .net *"_s10", 0 0, L_0x558d03a24130;  1 drivers
v0x558d03a0bcb0_0 .net *"_s4", 0 0, L_0x558d03a23f10;  1 drivers
v0x558d03a0bda0_0 .net *"_s6", 0 0, L_0x558d03a23f80;  1 drivers
v0x558d03a0be80_0 .net *"_s8", 0 0, L_0x558d03a24020;  1 drivers
v0x558d03a0bfb0_0 .net "a", 0 0, L_0x558d03a242f0;  1 drivers
v0x558d03a0c070_0 .net "b", 0 0, L_0x558d03a244b0;  1 drivers
v0x558d03a0c130_0 .net "ca", 0 0, L_0x558d03a241e0;  alias, 1 drivers
v0x558d03a0c1f0_0 .net "cin", 0 0, L_0x558d03a239f0;  alias, 1 drivers
v0x558d03a0c320_0 .net "sum", 0 0, L_0x558d03a23e10;  1 drivers
S_0x558d03a0e000 .scope module, "x2" "mux" 3 17, 3 21 0, S_0x558d03983950;
 .timescale 0 0;
    .port_info 0 /INPUT 1 "x"
    .port_info 1 /INPUT 1 "y"
    .port_info 2 /INPUT 1 "z"
    .port_info 3 /INPUT 32 "out1"
    .port_info 4 /INPUT 32 "out2"
    .port_info 5 /INPUT 32 "out3"
    .port_info 6 /INPUT 32 "out4"
    .port_info 7 /INPUT 32 "out5"
    .port_info 8 /INPUT 32 "out6"
    .port_info 9 /INPUT 32 "out7"
    .port_info 10 /INPUT 32 "out8"
    .port_info 11 /OUTPUT 32 "out"
L_0x558d03a366c0 .functor AND 32, L_0x558d03a36730, L_0x558d03a367f0, L_0x558d03a36900, L_0x558d03a0e180;
L_0x558d03a36730 .functor NOT 32, L_0x558d03a35210, C4<00000000000000000000000000000000>, C4<00000000000000000000000000000000>, C4<00000000000000000000000000000000>;
L_0x558d03a367f0 .functor NOT 32, L_0x558d03a35b40, C4<00000000000000000000000000000000>, C4<00000000000000000000000000000000>, C4<00000000000000000000000000000000>;
L_0x558d03a36900 .functor NOT 32, L_0x558d03a36100, C4<00000000000000000000000000000000>, C4<00000000000000000000000000000000>, C4<00000000000000000000000000000000>;
L_0x558d03a36a10 .functor AND 32, L_0x558d03a36a80, L_0x558d03a36b40, L_0x558d03a36100, L_0x558d03a116b0;
L_0x558d03a36a80 .functor NOT 32, L_0x558d03a35210, C4<00000000000000000000000000000000>, C4<00000000000000000000000000000000>, C4<00000000000000000000000000000000>;
L_0x558d03a36b40 .functor NOT 32, L_0x558d03a35b40, C4<00000000000000000000000000000000>, C4<00000000000000000000000000000000>, C4<00000000000000000000000000000000>;
L_0x558d03a36c00 .functor AND 32, L_0x558d03a36cc0, L_0x558d03a35b40, L_0x558d03a36dc0, L_0x558d03a11950;
L_0x558d03a36cc0 .functor NOT 32, L_0x558d03a35210, C4<00000000000000000000000000000000>, C4<00000000000000000000000000000000>, C4<00000000000000000000000000000000>;
L_0x558d03a36dc0 .functor NOT 32, L_0x558d03a36100, C4<00000000000000000000000000000000>, C4<00000000000000000000000000000000>, C4<00000000000000000000000000000000>;
L_0x558d03a36f20 .functor AND 32, L_0x558d03a36f90, L_0x558d03a35b40, L_0x558d03a36100, L_0x558d03a11b30;
L_0x558d03a36f90 .functor NOT 32, L_0x558d03a35210, C4<00000000000000000000000000000000>, C4<00000000000000000000000000000000>, C4<00000000000000000000000000000000>;
L_0x558d03a37070 .functor AND 32, L_0x558d03a35210, L_0x558d03a370e0, L_0x558d03a37000, L_0x558d03a11ce0;
L_0x558d03a370e0 .functor NOT 32, L_0x558d03a35b40, C4<00000000000000000000000000000000>, C4<00000000000000000000000000000000>, C4<00000000000000000000000000000000>;
L_0x558d03a37000 .functor NOT 32, L_0x558d03a36100, C4<00000000000000000000000000000000>, C4<00000000000000000000000000000000>, C4<00000000000000000000000000000000>;
L_0x558d03a37220 .functor AND 32, L_0x558d03a35210, L_0x558d03a37320, L_0x558d03a36100, L_0x558d03a11fc0;
L_0x558d03a37320 .functor NOT 32, L_0x558d03a35b40, C4<00000000000000000000000000000000>, C4<00000000000000000000000000000000>, C4<00000000000000000000000000000000>;
L_0x558d03a373e0 .functor AND 32, L_0x558d03a35210, L_0x558d03a35b40, L_0x558d03a37630, L_0x558d03a12080;
L_0x558d03a37630 .functor NOT 32, L_0x558d03a36100, C4<00000000000000000000000000000000>, C4<00000000000000000000000000000000>, C4<00000000000000000000000000000000>;
L_0x558d03a37800 .functor AND 32, L_0x558d03a35210, L_0x558d03a35b40, L_0x558d03a36100, L_0x558d03a24f70;
L_0x558d03a37950/0/0 .functor OR 32, L_0x558d03a366c0, L_0x558d03a36a10, L_0x558d03a36c00, L_0x558d03a36f20;
L_0x558d03a37950/0/4 .functor OR 32, L_0x558d03a37070, L_0x558d03a37220, L_0x558d03a373e0, L_0x558d03a37800;
L_0x558d03a37950 .functor OR 32, L_0x558d03a37950/0/0, L_0x558d03a37950/0/4, C4<00000000000000000000000000000000>, C4<00000000000000000000000000000000>;
v0x558d03a0e320_0 .net *"_s10", 31 0, L_0x558d03a36900;  1 drivers
v0x558d03a0e400_0 .net *"_s12", 31 0, L_0x558d03a36a80;  1 drivers
v0x558d03a0e4e0_0 .net *"_s14", 31 0, L_0x558d03a36b40;  1 drivers
v0x558d03a0e5a0_0 .net *"_s16", 31 0, L_0x558d03a36cc0;  1 drivers
v0x558d03a0e680_0 .net *"_s18", 31 0, L_0x558d03a36dc0;  1 drivers
v0x558d03a0e7b0_0 .net *"_s20", 31 0, L_0x558d03a36f90;  1 drivers
v0x558d03a0e890_0 .net *"_s22", 31 0, L_0x558d03a370e0;  1 drivers
v0x558d03a0e970_0 .net *"_s24", 31 0, L_0x558d03a37000;  1 drivers
v0x558d03a0ea50_0 .net *"_s26", 31 0, L_0x558d03a37320;  1 drivers
v0x558d03a0ebc0_0 .net *"_s28", 31 0, L_0x558d03a37630;  1 drivers
v0x558d03a0eca0_0 .net *"_s6", 31 0, L_0x558d03a36730;  1 drivers
v0x558d03a0ed80_0 .net *"_s8", 31 0, L_0x558d03a367f0;  1 drivers
v0x558d03a0ee60_0 .net "b1", 31 0, L_0x558d03a366c0;  1 drivers
v0x558d03a0ef40_0 .net "b2", 31 0, L_0x558d03a36a10;  1 drivers
v0x558d03a0f020_0 .net "b3", 31 0, L_0x558d03a36c00;  1 drivers
v0x558d03a0f100_0 .net "b4", 31 0, L_0x558d03a36f20;  1 drivers
v0x558d03a0f1e0_0 .net "b5", 31 0, L_0x558d03a37070;  1 drivers
v0x558d03a0f2c0_0 .net "b6", 31 0, L_0x558d03a37220;  1 drivers
v0x558d03a0f3a0_0 .net "b7", 31 0, L_0x558d03a373e0;  1 drivers
v0x558d03a0f480_0 .net "b8", 31 0, L_0x558d03a37800;  1 drivers
v0x558d03a0f560_0 .net "out", 31 0, L_0x558d03a37950;  alias, 1 drivers
v0x558d03a0f640_0 .net "out1", 31 0, L_0x558d03a0e180;  alias, 1 drivers
v0x558d03a0f720_0 .net "out2", 31 0, L_0x558d03a116b0;  alias, 1 drivers
v0x558d03a0f800_0 .net "out3", 31 0, L_0x558d03a11950;  alias, 1 drivers
v0x558d03a0f8e0_0 .net "out4", 31 0, L_0x558d03a11b30;  alias, 1 drivers
v0x558d03a0f9c0_0 .net "out5", 31 0, L_0x558d03a11ce0;  alias, 1 drivers
v0x558d03a0faa0_0 .net "out6", 31 0, L_0x558d03a11fc0;  alias, 1 drivers
v0x558d03a0fb80_0 .net "out7", 31 0, L_0x558d03a12080;  alias, 1 drivers
v0x558d03a0fc60_0 .net "out8", 31 0, L_0x558d03a24f70;  alias, 1 drivers
v0x558d03a0fd20_0 .net "s0", 31 0, L_0x558d03a35210;  1 drivers
v0x558d03a0fe00_0 .net "s1", 31 0, L_0x558d03a35b40;  1 drivers
v0x558d03a0fee0_0 .net "s2", 31 0, L_0x558d03a36100;  1 drivers
v0x558d03a0ffc0_0 .net "x", 0 0, L_0x558d03a37590;  1 drivers
v0x558d03a10080_0 .net "y", 0 0, L_0x558d03a37ce0;  1 drivers
v0x558d03a10140_0 .net "z", 0 0, L_0x558d03a37d80;  1 drivers
LS_0x558d03a35210_0_0 .concat [ 1 1 1 1], L_0x558d03a37590, L_0x558d03a37590, L_0x558d03a37590, L_0x558d03a37590;
LS_0x558d03a35210_0_4 .concat [ 1 1 1 1], L_0x558d03a37590, L_0x558d03a37590, L_0x558d03a37590, L_0x558d03a37590;
LS_0x558d03a35210_0_8 .concat [ 1 1 1 1], L_0x558d03a37590, L_0x558d03a37590, L_0x558d03a37590, L_0x558d03a37590;
LS_0x558d03a35210_0_12 .concat [ 1 1 1 1], L_0x558d03a37590, L_0x558d03a37590, L_0x558d03a37590, L_0x558d03a37590;
LS_0x558d03a35210_0_16 .concat [ 1 1 1 1], L_0x558d03a37590, L_0x558d03a37590, L_0x558d03a37590, L_0x558d03a37590;
LS_0x558d03a35210_0_20 .concat [ 1 1 1 1], L_0x558d03a37590, L_0x558d03a37590, L_0x558d03a37590, L_0x558d03a37590;
LS_0x558d03a35210_0_24 .concat [ 1 1 1 1], L_0x558d03a37590, L_0x558d03a37590, L_0x558d03a37590, L_0x558d03a37590;
LS_0x558d03a35210_0_28 .concat [ 1 1 1 1], L_0x558d03a37590, L_0x558d03a37590, L_0x558d03a37590, L_0x558d03a37590;
LS_0x558d03a35210_1_0 .concat [ 4 4 4 4], LS_0x558d03a35210_0_0, LS_0x558d03a35210_0_4, LS_0x558d03a35210_0_8, LS_0x558d03a35210_0_12;
LS_0x558d03a35210_1_4 .concat [ 4 4 4 4], LS_0x558d03a35210_0_16, LS_0x558d03a35210_0_20, LS_0x558d03a35210_0_24, LS_0x558d03a35210_0_28;
L_0x558d03a35210 .concat [ 16 16 0 0], LS_0x558d03a35210_1_0, LS_0x558d03a35210_1_4;
LS_0x558d03a35b40_0_0 .concat [ 1 1 1 1], L_0x558d03a37ce0, L_0x558d03a37ce0, L_0x558d03a37ce0, L_0x558d03a37ce0;
LS_0x558d03a35b40_0_4 .concat [ 1 1 1 1], L_0x558d03a37ce0, L_0x558d03a37ce0, L_0x558d03a37ce0, L_0x558d03a37ce0;
LS_0x558d03a35b40_0_8 .concat [ 1 1 1 1], L_0x558d03a37ce0, L_0x558d03a37ce0, L_0x558d03a37ce0, L_0x558d03a37ce0;
LS_0x558d03a35b40_0_12 .concat [ 1 1 1 1], L_0x558d03a37ce0, L_0x558d03a37ce0, L_0x558d03a37ce0, L_0x558d03a37ce0;
LS_0x558d03a35b40_0_16 .concat [ 1 1 1 1], L_0x558d03a37ce0, L_0x558d03a37ce0, L_0x558d03a37ce0, L_0x558d03a37ce0;
LS_0x558d03a35b40_0_20 .concat [ 1 1 1 1], L_0x558d03a37ce0, L_0x558d03a37ce0, L_0x558d03a37ce0, L_0x558d03a37ce0;
LS_0x558d03a35b40_0_24 .concat [ 1 1 1 1], L_0x558d03a37ce0, L_0x558d03a37ce0, L_0x558d03a37ce0, L_0x558d03a37ce0;
LS_0x558d03a35b40_0_28 .concat [ 1 1 1 1], L_0x558d03a37ce0, L_0x558d03a37ce0, L_0x558d03a37ce0, L_0x558d03a37ce0;
LS_0x558d03a35b40_1_0 .concat [ 4 4 4 4], LS_0x558d03a35b40_0_0, LS_0x558d03a35b40_0_4, LS_0x558d03a35b40_0_8, LS_0x558d03a35b40_0_12;
LS_0x558d03a35b40_1_4 .concat [ 4 4 4 4], LS_0x558d03a35b40_0_16, LS_0x558d03a35b40_0_20, LS_0x558d03a35b40_0_24, LS_0x558d03a35b40_0_28;
L_0x558d03a35b40 .concat [ 16 16 0 0], LS_0x558d03a35b40_1_0, LS_0x558d03a35b40_1_4;
LS_0x558d03a36100_0_0 .concat [ 1 1 1 1], L_0x558d03a37d80, L_0x558d03a37d80, L_0x558d03a37d80, L_0x558d03a37d80;
LS_0x558d03a36100_0_4 .concat [ 1 1 1 1], L_0x558d03a37d80, L_0x558d03a37d80, L_0x558d03a37d80, L_0x558d03a37d80;
LS_0x558d03a36100_0_8 .concat [ 1 1 1 1], L_0x558d03a37d80, L_0x558d03a37d80, L_0x558d03a37d80, L_0x558d03a37d80;
LS_0x558d03a36100_0_12 .concat [ 1 1 1 1], L_0x558d03a37d80, L_0x558d03a37d80, L_0x558d03a37d80, L_0x558d03a37d80;
LS_0x558d03a36100_0_16 .concat [ 1 1 1 1], L_0x558d03a37d80, L_0x558d03a37d80, L_0x558d03a37d80, L_0x558d03a37d80;
LS_0x558d03a36100_0_20 .concat [ 1 1 1 1], L_0x558d03a37d80, L_0x558d03a37d80, L_0x558d03a37d80, L_0x558d03a37d80;
LS_0x558d03a36100_0_24 .concat [ 1 1 1 1], L_0x558d03a37d80, L_0x558d03a37d80, L_0x558d03a37d80, L_0x558d03a37d80;
LS_0x558d03a36100_0_28 .concat [ 1 1 1 1], L_0x558d03a37d80, L_0x558d03a37d80, L_0x558d03a37d80, L_0x558d03a37d80;
LS_0x558d03a36100_1_0 .concat [ 4 4 4 4], LS_0x558d03a36100_0_0, LS_0x558d03a36100_0_4, LS_0x558d03a36100_0_8, LS_0x558d03a36100_0_12;
LS_0x558d03a36100_1_4 .concat [ 4 4 4 4], LS_0x558d03a36100_0_16, LS_0x558d03a36100_0_20, LS_0x558d03a36100_0_24, LS_0x558d03a36100_0_28;
L_0x558d03a36100 .concat [ 16 16 0 0], LS_0x558d03a36100_1_0, LS_0x558d03a36100_1_4;
    .scope S_0x558d039b1bf0;
T_0 ;
    %delay 0, 0;
    %pushi/vec4 0, 0, 3;
    %store/vec4 v0x558d03a11550_0, 0, 3;
    %pushi/vec4 0, 0, 32;
    %store/vec4 v0x558d03a112c0_0, 0, 32;
    %pushi/vec4 65535, 0, 32;
    %store/vec4 v0x558d03a113a0_0, 0, 32;
    %delay 5, 0;
    %pushi/vec4 1, 0, 3;
    %store/vec4 v0x558d03a11550_0, 0, 3;
    %delay 5, 0;
    %pushi/vec4 2, 0, 3;
    %store/vec4 v0x558d03a11550_0, 0, 3;
    %delay 5, 0;
    %pushi/vec4 3, 0, 3;
    %store/vec4 v0x558d03a11550_0, 0, 3;
    %delay 5, 0;
    %pushi/vec4 4, 0, 3;
    %store/vec4 v0x558d03a11550_0, 0, 3;
    %delay 5, 0;
    %pushi/vec4 5, 0, 3;
    %store/vec4 v0x558d03a11550_0, 0, 3;
    %delay 5, 0;
    %pushi/vec4 6, 0, 3;
    %store/vec4 v0x558d03a11550_0, 0, 3;
    %delay 5, 0;
    %pushi/vec4 7, 0, 3;
    %store/vec4 v0x558d03a11550_0, 0, 3;
    %end;
    .thread T_0;
    .scope S_0x558d039b1bf0;
T_1 ;
    %vpi_call 2 23 "$monitor", $time, "\011sel=%b a=%5b b=%5b out=%5b ", v0x558d03a11550_0, v0x558d03a112c0_0, v0x558d03a113a0_0, v0x558d03a11460_0 {0 0 0};
    %end;
    .thread T_1;
# The file index is used to find the file name in the following table.
:file_names 10;
    "N/A";
    "<interactive>";
    "logic_tb.v";
    "./logic.v";
    "./2scomp.v";
    "./thirtytwoBitAdder.v";
    "./sixteenBitAdder.v";
    "./eightBitAdder.v";
    "./fourBitAdder.v";
    "./fullAdder.v";
